<?xml version="1.0" encoding="UTF-8"?>
<!-- Generated by org.testng.reporters.JUnitXMLReporter -->
<testsuite ignored="10" hostname="Vailexa-Lavanya" failures="0" tests="1" name="Default test" time="45.764" errors="0" timestamp="2023-12-05T17:23:39 IST">
  <testcase classname="com.TestCases.AdminMyDetailsEmploymentHistoryPageTest" name="myDetails_EmploymentHistory_AddEmploymenthistoryPopUp_AllFieldsDataWithCancelButton_Validation_Test" time="25.084"/>
  <testcase classname="com.TestCases.AdminMyDetailsEmploymentHistoryPageTest" name="myDetails_EmploymentHistory_AddEmploymenthistoryPopUp_AllFieldsDataWithCrossButton_Validation_Test" time="0.0">
    <ignored/>
  </testcase> <!-- myDetails_EmploymentHistory_AddEmploymenthistoryPopUp_AllFieldsDataWithCrossButton_Validation_Test -->
  <testcase classname="com.TestCases.AdminMyDetailsEmploymentHistoryPageTest" name="myDetails_EmploymentHistoryPage_AddButton_Validation_Test" time="0.0">
    <ignored/>
  </testcase> <!-- myDetails_EmploymentHistoryPage_AddButton_Validation_Test -->
  <testcase classname="com.TestCases.AdminMyDetailsEmploymentHistoryPageTest" name="myDetails_EmploymentHistoryPage_EmploymentHistoryTableHeading_Validation_Test" time="0.0">
    <ignored/>
  </testcase> <!-- myDetails_EmploymentHistoryPage_EmploymentHistoryTableHeading_Validation_Test -->
  <testcase classname="com.TestCases.AdminMyDetailsEmploymentHistoryPageTest" name="myDetails_EmploymentHistory_EmploymentHistoryTable_PresenceOfElementsValidation_Test" time="0.0">
    <ignored/>
  </testcase> <!-- myDetails_EmploymentHistory_EmploymentHistoryTable_PresenceOfElementsValidation_Test -->
  <testcase classname="com.TestCases.AdminMyDetailsEmploymentHistoryPageTest" name="myDetails_EmploymentHistory_AddEmploymenthistoryPopUp_AllFieldsDataWithSaveButton_Validation_Test" time="0.0">
    <ignored/>
  </testcase> <!-- myDetails_EmploymentHistory_AddEmploymenthistoryPopUp_AllFieldsDataWithSaveButton_Validation_Test -->
  <testcase classname="com.TestCases.AdminMyDetailsEmploymentHistoryPageTest" name="myDetails_EmploymentHistory_AddEmploymentHistoryPopUp_ElementsNeedToPresentValidation_Test" time="0.0">
    <ignored/>
  </testcase> <!-- myDetails_EmploymentHistory_AddEmploymentHistoryPopUp_ElementsNeedToPresentValidation_Test -->
  <testcase classname="com.TestCases.AdminMyDetailsEmploymentHistoryPageTest" name="myDetails_EmploymentHistory_AddEmploymentHistoryPopUp_HeadingValidation_Test" time="0.0">
    <ignored/>
  </testcase> <!-- myDetails_EmploymentHistory_AddEmploymentHistoryPopUp_HeadingValidation_Test -->
  <testcase classname="com.TestCases.AdminMyDetailsEmploymentHistoryPageTest" name="myDetails_EmploymentHistoryPage_CurrentURL_Validation_Test" time="0.0">
    <ignored/>
  </testcase> <!-- myDetails_EmploymentHistoryPage_CurrentURL_Validation_Test -->
  <testcase classname="com.TestCases.AdminMyDetailsEmploymentHistoryPageTest" name="myDetails_EmploymentHistory_AddEmploymenthistoryPopUp_MandatoryFieldsDataWithSaveButton_Validation_Test" time="0.0">
    <ignored/>
  </testcase> <!-- myDetails_EmploymentHistory_AddEmploymenthistoryPopUp_MandatoryFieldsDataWithSaveButton_Validation_Test -->
  <testcase classname="com.TestCases.AdminMyDetailsEmploymentHistoryPageTest" name="myDetails_EmployementHistoryPage_Title_ValidationTest" time="0.0">
    <ignored/>
  </testcase> <!-- myDetails_EmployementHistoryPage_Title_ValidationTest -->
</testsuite> <!-- Default test -->
