<?xml version="1.0" encoding="UTF-8"?>
<!-- Generated by org.testng.reporters.JUnitXMLReporter -->
<testsuite ignored="14" hostname="Vailexa-Lavanya" failures="19" tests="191" name="Test" time="939.065" errors="0" timestamp="2023-08-19T17:06:01 IST">
  <testcase classname="com.TestCases.AdminHomePageTest" name="@BeforeMethod adminHomePage_SetUp" time="107.603">
    <failure type="org.openqa.selenium.NoSuchElementException" message="no such element: Unable to locate element: {&amp;quot;method&amp;quot;:&amp;quot;xpath&amp;quot;,&amp;quot;selector&amp;quot;:&amp;quot;//*[@type=&amp;apos;email&amp;apos;]&amp;quot;}
  (Session info: chrome=115.0.5790.173)
For documentation on this error, please visit: https://www.seleniumhq.org/exceptions/no_such_element.html
Build info: version: &amp;apos;3.141.59&amp;apos;, revision: &amp;apos;e82be7d358&amp;apos;, time: &amp;apos;2018-11-14T08:17:03&amp;apos;
System info: host: &amp;apos;VAILEXA-LAVANYA&amp;apos;, ip: &amp;apos;192.168.1.6&amp;apos;, os.name: &amp;apos;Windows 11&amp;apos;, os.arch: &amp;apos;amd64&amp;apos;, os.version: &amp;apos;10.0&amp;apos;, java.version: &amp;apos;17.0.6&amp;apos;
Driver info: org.openqa.selenium.chrome.ChromeDriver
Capabilities {acceptInsecureCerts: false, browserName: chrome, browserVersion: 115.0.5790.173, chrome: {chromedriverVersion: 114.0.5735.90 (386bc09e8f4f..., userDataDir: C:\Users\91900\AppData\Loca...}, goog:chromeOptions: {debuggerAddress: localhost:56188}, javascriptEnabled: true, networkConnectionEnabled: false, pageLoadStrategy: normal, platform: WINDOWS, platformName: WINDOWS, proxy: Proxy(), setWindowRect: true, strictFileInteractability: false, timeouts: {implicit: 0, pageLoad: 300000, script: 30000}, unhandledPromptBehavior: dismiss and notify, webauthn:extension:credBlob: true, webauthn:extension:largeBlob: true, webauthn:extension:minPinLength: true, webauthn:extension:prf: true, webauthn:virtualAuthenticators: true}
Session ID: da87ee441c54094685df9c7ef170ad71
*** Element info: {Using=xpath, value=//*[@type=&amp;apos;email&amp;apos;]}">
      <![CDATA[org.openqa.selenium.NoSuchElementException: no such element: Unable to locate element: {"method":"xpath","selector":"//*[@type='email']"}
  (Session info: chrome=115.0.5790.173)
For documentation on this error, please visit: https://www.seleniumhq.org/exceptions/no_such_element.html
Build info: version: '3.141.59', revision: 'e82be7d358', time: '2018-11-14T08:17:03'
System info: host: 'VAILEXA-LAVANYA', ip: '192.168.1.6', os.name: 'Windows 11', os.arch: 'amd64', os.version: '10.0', java.version: '17.0.6'
Driver info: org.openqa.selenium.chrome.ChromeDriver
Capabilities {acceptInsecureCerts: false, browserName: chrome, browserVersion: 115.0.5790.173, chrome: {chromedriverVersion: 114.0.5735.90 (386bc09e8f4f..., userDataDir: C:\Users\91900\AppData\Loca...}, goog:chromeOptions: {debuggerAddress: localhost:56188}, javascriptEnabled: true, networkConnectionEnabled: false, pageLoadStrategy: normal, platform: WINDOWS, platformName: WINDOWS, proxy: Proxy(), setWindowRect: true, strictFileInteractability: false, timeouts: {implicit: 0, pageLoad: 300000, script: 30000}, unhandledPromptBehavior: dismiss and notify, webauthn:extension:credBlob: true, webauthn:extension:largeBlob: true, webauthn:extension:minPinLength: true, webauthn:extension:prf: true, webauthn:virtualAuthenticators: true}
Session ID: da87ee441c54094685df9c7ef170ad71
*** Element info: {Using=xpath, value=//*[@type='email']}
at org.openqa.selenium.remote.http.W3CHttpResponseCodec.createException(W3CHttpResponseCodec.java:187)
at org.openqa.selenium.remote.http.W3CHttpResponseCodec.decode(W3CHttpResponseCodec.java:122)
at org.openqa.selenium.remote.http.W3CHttpResponseCodec.decode(W3CHttpResponseCodec.java:49)
at org.openqa.selenium.remote.HttpCommandExecutor.execute(HttpCommandExecutor.java:158)
at org.openqa.selenium.remote.service.DriverCommandExecutor.execute(DriverCommandExecutor.java:83)
at org.openqa.selenium.remote.RemoteWebDriver.execute(RemoteWebDriver.java:552)
at org.openqa.selenium.remote.RemoteWebDriver.findElement(RemoteWebDriver.java:323)
at org.openqa.selenium.remote.RemoteWebDriver.findElementByXPath(RemoteWebDriver.java:428)
at org.openqa.selenium.By$ByXPath.findElement(By.java:353)
at org.openqa.selenium.remote.RemoteWebDriver.findElement(RemoteWebDriver.java:315)
at org.openqa.selenium.support.pagefactory.DefaultElementLocator.findElement(DefaultElementLocator.java:69)
at org.openqa.selenium.support.pagefactory.internal.LocatingElementHandler.invoke(LocatingElementHandler.java:38)
at jdk.proxy2/jdk.proxy2.$Proxy14.sendKeys(Unknown Source)
at com.WebPages.LoginPage.adminLogin(LoginPage.java:101)
at com.TestCases.AdminHomePageTest.adminHomePage_SetUp(AdminHomePageTest.java:60)
at java.base/java.util.ArrayList.forEach(ArrayList.java:1511)
... Removed 35 stack frames]]>
    </failure>
  </testcase> <!-- @BeforeMethod adminHomePage_SetUp -->
  <testcase classname="com.TestCases.AdminHomePageTest" name="@AfterMethod adminHomePage_TearDown" time="0.0">
    <skipped/>
  </testcase> <!-- @AfterMethod adminHomePage_TearDown -->
  <testcase classname="com.TestCases.DashboardPageTest" name="@BeforeMethod dashboardPage_SetUp" time="0.416">
    <failure type="io.github.bonigarcia.wdm.config.WebDriverManagerException" message="io.github.bonigarcia.wdm.config.WebDriverManagerException: java.net.UnknownHostException: chromedriver.storage.googleapis.com">
      <![CDATA[io.github.bonigarcia.wdm.config.WebDriverManagerException: io.github.bonigarcia.wdm.config.WebDriverManagerException: java.net.UnknownHostException: chromedriver.storage.googleapis.com
at io.github.bonigarcia.wdm.WebDriverManager.handleException(WebDriverManager.java:1423)
at io.github.bonigarcia.wdm.WebDriverManager.manage(WebDriverManager.java:1204)
at io.github.bonigarcia.wdm.WebDriverManager.fallback(WebDriverManager.java:1439)
at io.github.bonigarcia.wdm.WebDriverManager.handleException(WebDriverManager.java:1420)
at io.github.bonigarcia.wdm.WebDriverManager.manage(WebDriverManager.java:1204)
at io.github.bonigarcia.wdm.WebDriverManager.handleException(WebDriverManager.java:1413)
at io.github.bonigarcia.wdm.WebDriverManager.manage(WebDriverManager.java:1204)
at io.github.bonigarcia.wdm.WebDriverManager.setup(WebDriverManager.java:419)
at com.Base.Base.setUp(Base.java:44)
at com.TestCases.DashboardPageTest.dashboardPage_SetUp(DashboardPageTest.java:26)
at java.base/java.util.ArrayList.forEach(ArrayList.java:1511)
Caused by: io.github.bonigarcia.wdm.config.WebDriverManagerException: java.net.UnknownHostException: chromedriver.storage.googleapis.com
at io.github.bonigarcia.wdm.WebDriverManager.getDriversFromXml(WebDriverManager.java:1577)
at io.github.bonigarcia.wdm.managers.ChromeDriverManager.getDriverUrls(ChromeDriverManager.java:106)
at io.github.bonigarcia.wdm.WebDriverManager.createUrlHandler(WebDriverManager.java:1444)
at io.github.bonigarcia.wdm.WebDriverManager.download(WebDriverManager.java:1279)
at io.github.bonigarcia.wdm.WebDriverManager.manage(WebDriverManager.java:1198)
... 40 more
Caused by: java.net.UnknownHostException: chromedriver.storage.googleapis.com
at java.base/java.net.InetAddress$CachedAddresses.get(InetAddress.java:801)
at java.base/java.net.InetAddress.getAllByName0(InetAddress.java:1524)
at java.base/java.net.InetAddress.getAllByName(InetAddress.java:1381)
at java.base/java.net.InetAddress.getAllByName(InetAddress.java:1305)
at org.apache.hc.client5.http.SystemDefaultDnsResolver.resolve(SystemDefaultDnsResolver.java:43)
at org.apache.hc.client5.http.impl.io.DefaultHttpClientConnectionOperator.connect(DefaultHttpClientConnectionOperator.java:141)
at org.apache.hc.client5.http.impl.io.PoolingHttpClientConnectionManager.connect(PoolingHttpClientConnectionManager.java:447)
at org.apache.hc.client5.http.impl.classic.InternalExecRuntime.connectEndpoint(InternalExecRuntime.java:162)
at org.apache.hc.client5.http.impl.classic.InternalExecRuntime.connectEndpoint(InternalExecRuntime.java:172)
at org.apache.hc.client5.http.impl.classic.ConnectExec.execute(ConnectExec.java:142)
at org.apache.hc.client5.http.impl.classic.ExecChainElement.execute(ExecChainElement.java:51)
at org.apache.hc.client5.http.impl.classic.ProtocolExec.execute(ProtocolExec.java:192)
at org.apache.hc.client5.http.impl.classic.ExecChainElement.execute(ExecChainElement.java:51)
at org.apache.hc.client5.http.impl.classic.HttpRequestRetryExec.execute(HttpRequestRetryExec.java:96)
at org.apache.hc.client5.http.impl.classic.ExecChainElement.execute(ExecChainElement.java:51)
at org.apache.hc.client5.http.impl.classic.ContentCompressionExec.execute(ContentCompressionExec.java:152)
at org.apache.hc.client5.http.impl.classic.ExecChainElement.execute(ExecChainElement.java:51)
at org.apache.hc.client5.http.impl.classic.RedirectExec.execute(RedirectExec.java:115)
at org.apache.hc.client5.http.impl.classic.ExecChainElement.execute(ExecChainElement.java:51)
at org.apache.hc.client5.http.impl.classic.InternalHttpClient.doExecute(InternalHttpClient.java:170)
at org.apache.hc.client5.http.impl.classic.CloseableHttpClient.execute(CloseableHttpClient.java:87)
at org.apache.hc.client5.http.impl.classic.CloseableHttpClient.execute(CloseableHttpClient.java:55)
at org.apache.hc.client5.http.classic.HttpClient.executeOpen(HttpClient.java:183)
at io.github.bonigarcia.wdm.online.HttpClient.execute(HttpClient.java:162)
at io.github.bonigarcia.wdm.WebDriverManager.getDriversFromXml(WebDriverManager.java:1562)
... 44 more
... Removed 31 stack frames]]>
    </failure>
  </testcase> <!-- @BeforeMethod dashboardPage_SetUp -->
  <testcase classname="com.TestCases.DashboardPageTest" name="@AfterMethod dashboardPage_TearDown" time="0.0">
    <skipped/>
  </testcase> <!-- @AfterMethod dashboardPage_TearDown -->
  <testcase classname="com.TestCases.DashboardPageTest" name="@BeforeMethod dashboardPage_SetUp" time="0.0">
    <skipped/>
  </testcase> <!-- @BeforeMethod dashboardPage_SetUp -->
  <testcase classname="com.TestCases.DashboardPageTest" name="@AfterMethod dashboardPage_TearDown" time="0.0">
    <skipped/>
  </testcase> <!-- @AfterMethod dashboardPage_TearDown -->
  <testcase classname="com.TestCases.DashboardPageTest" name="@BeforeMethod dashboardPage_SetUp" time="0.0">
    <skipped/>
  </testcase> <!-- @BeforeMethod dashboardPage_SetUp -->
  <testcase classname="com.TestCases.DashboardPageTest" name="@AfterMethod dashboardPage_TearDown" time="0.0">
    <skipped/>
  </testcase> <!-- @AfterMethod dashboardPage_TearDown -->
  <testcase classname="com.TestCases.DashboardPageTest" name="@BeforeMethod dashboardPage_SetUp" time="0.0">
    <skipped/>
  </testcase> <!-- @BeforeMethod dashboardPage_SetUp -->
  <testcase classname="com.TestCases.DashboardPageTest" name="@AfterMethod dashboardPage_TearDown" time="0.0">
    <skipped/>
  </testcase> <!-- @AfterMethod dashboardPage_TearDown -->
  <testcase classname="com.TestCases.DashboardPageTest" name="@BeforeMethod dashboardPage_SetUp" time="0.0">
    <skipped/>
  </testcase> <!-- @BeforeMethod dashboardPage_SetUp -->
  <testcase classname="com.TestCases.DashboardPageTest" name="@AfterMethod dashboardPage_TearDown" time="0.0">
    <skipped/>
  </testcase> <!-- @AfterMethod dashboardPage_TearDown -->
  <testcase classname="com.TestCases.DashboardPageTest" name="@BeforeMethod dashboardPage_SetUp" time="0.0">
    <skipped/>
  </testcase> <!-- @BeforeMethod dashboardPage_SetUp -->
  <testcase classname="com.TestCases.DashboardPageTest" name="@AfterMethod dashboardPage_TearDown" time="0.0">
    <skipped/>
  </testcase> <!-- @AfterMethod dashboardPage_TearDown -->
  <testcase classname="com.TestCases.DashboardPageTest" name="@BeforeMethod dashboardPage_SetUp" time="0.0">
    <skipped/>
  </testcase> <!-- @BeforeMethod dashboardPage_SetUp -->
  <testcase classname="com.TestCases.DashboardPageTest" name="@AfterMethod dashboardPage_TearDown" time="0.0">
    <skipped/>
  </testcase> <!-- @AfterMethod dashboardPage_TearDown -->
  <testcase classname="com.TestCases.DashboardPageTest" name="@BeforeMethod dashboardPage_SetUp" time="0.0">
    <skipped/>
  </testcase> <!-- @BeforeMethod dashboardPage_SetUp -->
  <testcase classname="com.TestCases.DashboardPageTest" name="@AfterMethod dashboardPage_TearDown" time="0.0">
    <skipped/>
  </testcase> <!-- @AfterMethod dashboardPage_TearDown -->
  <testcase classname="com.TestCases.DashboardPageTest" name="@BeforeMethod dashboardPage_SetUp" time="0.0">
    <skipped/>
  </testcase> <!-- @BeforeMethod dashboardPage_SetUp -->
  <testcase classname="com.TestCases.DashboardPageTest" name="@AfterMethod dashboardPage_TearDown" time="0.0">
    <skipped/>
  </testcase> <!-- @AfterMethod dashboardPage_TearDown -->
  <testcase classname="com.TestCases.DashboardPageTest" name="@BeforeMethod dashboardPage_SetUp" time="0.0">
    <skipped/>
  </testcase> <!-- @BeforeMethod dashboardPage_SetUp -->
  <testcase classname="com.TestCases.DashboardPageTest" name="@AfterMethod dashboardPage_TearDown" time="0.0">
    <skipped/>
  </testcase> <!-- @AfterMethod dashboardPage_TearDown -->
  <testcase classname="com.TestCases.DashboardPageTest" name="@BeforeMethod dashboardPage_SetUp" time="0.0">
    <skipped/>
  </testcase> <!-- @BeforeMethod dashboardPage_SetUp -->
  <testcase classname="com.TestCases.DashboardPageTest" name="@AfterMethod dashboardPage_TearDown" time="0.0">
    <skipped/>
  </testcase> <!-- @AfterMethod dashboardPage_TearDown -->
  <testcase classname="com.TestCases.ForgotPasswordPageTest" name="@BeforeMethod forgotPasswordPage_SetUp" time="0.408">
    <failure type="io.github.bonigarcia.wdm.config.WebDriverManagerException" message="io.github.bonigarcia.wdm.config.WebDriverManagerException: java.net.UnknownHostException: chromedriver.storage.googleapis.com">
      <![CDATA[io.github.bonigarcia.wdm.config.WebDriverManagerException: io.github.bonigarcia.wdm.config.WebDriverManagerException: java.net.UnknownHostException: chromedriver.storage.googleapis.com
at io.github.bonigarcia.wdm.WebDriverManager.handleException(WebDriverManager.java:1423)
at io.github.bonigarcia.wdm.WebDriverManager.manage(WebDriverManager.java:1204)
at io.github.bonigarcia.wdm.WebDriverManager.fallback(WebDriverManager.java:1439)
at io.github.bonigarcia.wdm.WebDriverManager.handleException(WebDriverManager.java:1420)
at io.github.bonigarcia.wdm.WebDriverManager.manage(WebDriverManager.java:1204)
at io.github.bonigarcia.wdm.WebDriverManager.handleException(WebDriverManager.java:1413)
at io.github.bonigarcia.wdm.WebDriverManager.manage(WebDriverManager.java:1204)
at io.github.bonigarcia.wdm.WebDriverManager.setup(WebDriverManager.java:419)
at com.Base.Base.setUp(Base.java:44)
at com.TestCases.ForgotPasswordPageTest.forgotPasswordPage_SetUp(ForgotPasswordPageTest.java:25)
at java.base/java.util.ArrayList.forEach(ArrayList.java:1511)
Caused by: io.github.bonigarcia.wdm.config.WebDriverManagerException: java.net.UnknownHostException: chromedriver.storage.googleapis.com
at io.github.bonigarcia.wdm.WebDriverManager.getDriversFromXml(WebDriverManager.java:1577)
at io.github.bonigarcia.wdm.managers.ChromeDriverManager.getDriverUrls(ChromeDriverManager.java:106)
at io.github.bonigarcia.wdm.WebDriverManager.createUrlHandler(WebDriverManager.java:1444)
at io.github.bonigarcia.wdm.WebDriverManager.download(WebDriverManager.java:1279)
at io.github.bonigarcia.wdm.WebDriverManager.manage(WebDriverManager.java:1198)
... 40 more
Caused by: java.net.UnknownHostException: chromedriver.storage.googleapis.com
at java.base/java.net.InetAddress$CachedAddresses.get(InetAddress.java:801)
at java.base/java.net.InetAddress.getAllByName0(InetAddress.java:1524)
at java.base/java.net.InetAddress.getAllByName(InetAddress.java:1381)
at java.base/java.net.InetAddress.getAllByName(InetAddress.java:1305)
at org.apache.hc.client5.http.SystemDefaultDnsResolver.resolve(SystemDefaultDnsResolver.java:43)
at org.apache.hc.client5.http.impl.io.DefaultHttpClientConnectionOperator.connect(DefaultHttpClientConnectionOperator.java:141)
at org.apache.hc.client5.http.impl.io.PoolingHttpClientConnectionManager.connect(PoolingHttpClientConnectionManager.java:447)
at org.apache.hc.client5.http.impl.classic.InternalExecRuntime.connectEndpoint(InternalExecRuntime.java:162)
at org.apache.hc.client5.http.impl.classic.InternalExecRuntime.connectEndpoint(InternalExecRuntime.java:172)
at org.apache.hc.client5.http.impl.classic.ConnectExec.execute(ConnectExec.java:142)
at org.apache.hc.client5.http.impl.classic.ExecChainElement.execute(ExecChainElement.java:51)
at org.apache.hc.client5.http.impl.classic.ProtocolExec.execute(ProtocolExec.java:192)
at org.apache.hc.client5.http.impl.classic.ExecChainElement.execute(ExecChainElement.java:51)
at org.apache.hc.client5.http.impl.classic.HttpRequestRetryExec.execute(HttpRequestRetryExec.java:96)
at org.apache.hc.client5.http.impl.classic.ExecChainElement.execute(ExecChainElement.java:51)
at org.apache.hc.client5.http.impl.classic.ContentCompressionExec.execute(ContentCompressionExec.java:152)
at org.apache.hc.client5.http.impl.classic.ExecChainElement.execute(ExecChainElement.java:51)
at org.apache.hc.client5.http.impl.classic.RedirectExec.execute(RedirectExec.java:115)
at org.apache.hc.client5.http.impl.classic.ExecChainElement.execute(ExecChainElement.java:51)
at org.apache.hc.client5.http.impl.classic.InternalHttpClient.doExecute(InternalHttpClient.java:170)
at org.apache.hc.client5.http.impl.classic.CloseableHttpClient.execute(CloseableHttpClient.java:87)
at org.apache.hc.client5.http.impl.classic.CloseableHttpClient.execute(CloseableHttpClient.java:55)
at org.apache.hc.client5.http.classic.HttpClient.executeOpen(HttpClient.java:183)
at io.github.bonigarcia.wdm.online.HttpClient.execute(HttpClient.java:162)
at io.github.bonigarcia.wdm.WebDriverManager.getDriversFromXml(WebDriverManager.java:1562)
... 44 more
... Removed 31 stack frames]]>
    </failure>
  </testcase> <!-- @BeforeMethod forgotPasswordPage_SetUp -->
  <testcase classname="com.TestCases.ForgotPasswordPageTest" name="@AfterMethod forgotPasswordPage_TearDown" time="0.0">
    <skipped/>
  </testcase> <!-- @AfterMethod forgotPasswordPage_TearDown -->
  <testcase classname="com.TestCases.ForgotPasswordPageTest" name="@BeforeMethod forgotPasswordPage_SetUp" time="0.0">
    <skipped/>
  </testcase> <!-- @BeforeMethod forgotPasswordPage_SetUp -->
  <testcase classname="com.TestCases.ForgotPasswordPageTest" name="@AfterMethod forgotPasswordPage_TearDown" time="0.0">
    <skipped/>
  </testcase> <!-- @AfterMethod forgotPasswordPage_TearDown -->
  <testcase classname="com.TestCases.ForgotPasswordPageTest" name="@BeforeMethod forgotPasswordPage_SetUp" time="0.0">
    <skipped/>
  </testcase> <!-- @BeforeMethod forgotPasswordPage_SetUp -->
  <testcase classname="com.TestCases.ForgotPasswordPageTest" name="@AfterMethod forgotPasswordPage_TearDown" time="0.0">
    <skipped/>
  </testcase> <!-- @AfterMethod forgotPasswordPage_TearDown -->
  <testcase classname="com.TestCases.ForgotPasswordPageTest" name="@BeforeMethod forgotPasswordPage_SetUp" time="0.0">
    <skipped/>
  </testcase> <!-- @BeforeMethod forgotPasswordPage_SetUp -->
  <testcase classname="com.TestCases.ForgotPasswordPageTest" name="@AfterMethod forgotPasswordPage_TearDown" time="0.0">
    <skipped/>
  </testcase> <!-- @AfterMethod forgotPasswordPage_TearDown -->
  <testcase classname="com.TestCases.ForgotPasswordPageTest" name="@BeforeMethod forgotPasswordPage_SetUp" time="0.0">
    <skipped/>
  </testcase> <!-- @BeforeMethod forgotPasswordPage_SetUp -->
  <testcase classname="com.TestCases.ForgotPasswordPageTest" name="@AfterMethod forgotPasswordPage_TearDown" time="0.0">
    <skipped/>
  </testcase> <!-- @AfterMethod forgotPasswordPage_TearDown -->
  <testcase classname="com.TestCases.ForgotPasswordPageTest" name="@BeforeMethod forgotPasswordPage_SetUp" time="0.0">
    <skipped/>
  </testcase> <!-- @BeforeMethod forgotPasswordPage_SetUp -->
  <testcase classname="com.TestCases.ForgotPasswordPageTest" name="@AfterMethod forgotPasswordPage_TearDown" time="0.0">
    <skipped/>
  </testcase> <!-- @AfterMethod forgotPasswordPage_TearDown -->
  <testcase classname="com.TestCases.ForgotPasswordPageTest" name="@BeforeMethod forgotPasswordPage_SetUp" time="0.0">
    <skipped/>
  </testcase> <!-- @BeforeMethod forgotPasswordPage_SetUp -->
  <testcase classname="com.TestCases.ForgotPasswordPageTest" name="@AfterMethod forgotPasswordPage_TearDown" time="0.0">
    <skipped/>
  </testcase> <!-- @AfterMethod forgotPasswordPage_TearDown -->
  <testcase classname="com.TestCases.ForgotPasswordPageTest" name="@BeforeMethod forgotPasswordPage_SetUp" time="0.0">
    <skipped/>
  </testcase> <!-- @BeforeMethod forgotPasswordPage_SetUp -->
  <testcase classname="com.TestCases.ForgotPasswordPageTest" name="@AfterMethod forgotPasswordPage_TearDown" time="0.0">
    <skipped/>
  </testcase> <!-- @AfterMethod forgotPasswordPage_TearDown -->
  <testcase classname="com.TestCases.ForgotPasswordPageTest" name="@BeforeMethod forgotPasswordPage_SetUp" time="0.0">
    <skipped/>
  </testcase> <!-- @BeforeMethod forgotPasswordPage_SetUp -->
  <testcase classname="com.TestCases.ForgotPasswordPageTest" name="@AfterMethod forgotPasswordPage_TearDown" time="0.0">
    <skipped/>
  </testcase> <!-- @AfterMethod forgotPasswordPage_TearDown -->
  <testcase classname="com.TestCases.ForgotPasswordPageTest" name="@BeforeMethod forgotPasswordPage_SetUp" time="0.0">
    <skipped/>
  </testcase> <!-- @BeforeMethod forgotPasswordPage_SetUp -->
  <testcase classname="com.TestCases.ForgotPasswordPageTest" name="@AfterMethod forgotPasswordPage_TearDown" time="0.0">
    <skipped/>
  </testcase> <!-- @AfterMethod forgotPasswordPage_TearDown -->
  <testcase classname="com.TestCases.AddCompanyPageTest" name="@BeforeMethod addCompaniesPage_SetUp" time="0.399">
    <failure type="io.github.bonigarcia.wdm.config.WebDriverManagerException" message="io.github.bonigarcia.wdm.config.WebDriverManagerException: java.net.UnknownHostException: chromedriver.storage.googleapis.com">
      <![CDATA[io.github.bonigarcia.wdm.config.WebDriverManagerException: io.github.bonigarcia.wdm.config.WebDriverManagerException: java.net.UnknownHostException: chromedriver.storage.googleapis.com
at io.github.bonigarcia.wdm.WebDriverManager.handleException(WebDriverManager.java:1423)
at io.github.bonigarcia.wdm.WebDriverManager.manage(WebDriverManager.java:1204)
at io.github.bonigarcia.wdm.WebDriverManager.fallback(WebDriverManager.java:1439)
at io.github.bonigarcia.wdm.WebDriverManager.handleException(WebDriverManager.java:1420)
at io.github.bonigarcia.wdm.WebDriverManager.manage(WebDriverManager.java:1204)
at io.github.bonigarcia.wdm.WebDriverManager.handleException(WebDriverManager.java:1413)
at io.github.bonigarcia.wdm.WebDriverManager.manage(WebDriverManager.java:1204)
at io.github.bonigarcia.wdm.WebDriverManager.setup(WebDriverManager.java:419)
at com.Base.Base.setUp(Base.java:44)
at com.TestCases.AddCompanyPageTest.addCompaniesPage_SetUp(AddCompanyPageTest.java:52)
at java.base/java.util.ArrayList.forEach(ArrayList.java:1511)
Caused by: io.github.bonigarcia.wdm.config.WebDriverManagerException: java.net.UnknownHostException: chromedriver.storage.googleapis.com
at io.github.bonigarcia.wdm.WebDriverManager.getDriversFromXml(WebDriverManager.java:1577)
at io.github.bonigarcia.wdm.managers.ChromeDriverManager.getDriverUrls(ChromeDriverManager.java:106)
at io.github.bonigarcia.wdm.WebDriverManager.createUrlHandler(WebDriverManager.java:1444)
at io.github.bonigarcia.wdm.WebDriverManager.download(WebDriverManager.java:1279)
at io.github.bonigarcia.wdm.WebDriverManager.manage(WebDriverManager.java:1198)
... 40 more
Caused by: java.net.UnknownHostException: chromedriver.storage.googleapis.com
at java.base/java.net.InetAddress$CachedAddresses.get(InetAddress.java:801)
at java.base/java.net.InetAddress.getAllByName0(InetAddress.java:1524)
at java.base/java.net.InetAddress.getAllByName(InetAddress.java:1381)
at java.base/java.net.InetAddress.getAllByName(InetAddress.java:1305)
at org.apache.hc.client5.http.SystemDefaultDnsResolver.resolve(SystemDefaultDnsResolver.java:43)
at org.apache.hc.client5.http.impl.io.DefaultHttpClientConnectionOperator.connect(DefaultHttpClientConnectionOperator.java:141)
at org.apache.hc.client5.http.impl.io.PoolingHttpClientConnectionManager.connect(PoolingHttpClientConnectionManager.java:447)
at org.apache.hc.client5.http.impl.classic.InternalExecRuntime.connectEndpoint(InternalExecRuntime.java:162)
at org.apache.hc.client5.http.impl.classic.InternalExecRuntime.connectEndpoint(InternalExecRuntime.java:172)
at org.apache.hc.client5.http.impl.classic.ConnectExec.execute(ConnectExec.java:142)
at org.apache.hc.client5.http.impl.classic.ExecChainElement.execute(ExecChainElement.java:51)
at org.apache.hc.client5.http.impl.classic.ProtocolExec.execute(ProtocolExec.java:192)
at org.apache.hc.client5.http.impl.classic.ExecChainElement.execute(ExecChainElement.java:51)
at org.apache.hc.client5.http.impl.classic.HttpRequestRetryExec.execute(HttpRequestRetryExec.java:96)
at org.apache.hc.client5.http.impl.classic.ExecChainElement.execute(ExecChainElement.java:51)
at org.apache.hc.client5.http.impl.classic.ContentCompressionExec.execute(ContentCompressionExec.java:152)
at org.apache.hc.client5.http.impl.classic.ExecChainElement.execute(ExecChainElement.java:51)
at org.apache.hc.client5.http.impl.classic.RedirectExec.execute(RedirectExec.java:115)
at org.apache.hc.client5.http.impl.classic.ExecChainElement.execute(ExecChainElement.java:51)
at org.apache.hc.client5.http.impl.classic.InternalHttpClient.doExecute(InternalHttpClient.java:170)
at org.apache.hc.client5.http.impl.classic.CloseableHttpClient.execute(CloseableHttpClient.java:87)
at org.apache.hc.client5.http.impl.classic.CloseableHttpClient.execute(CloseableHttpClient.java:55)
at org.apache.hc.client5.http.classic.HttpClient.executeOpen(HttpClient.java:183)
at io.github.bonigarcia.wdm.online.HttpClient.execute(HttpClient.java:162)
at io.github.bonigarcia.wdm.WebDriverManager.getDriversFromXml(WebDriverManager.java:1562)
... 44 more
... Removed 31 stack frames]]>
    </failure>
  </testcase> <!-- @BeforeMethod addCompaniesPage_SetUp -->
  <testcase classname="com.TestCases.AddCompanyPageTest" name="@AfterMethod addCompanyPage_TearDown" time="0.0">
    <skipped/>
  </testcase> <!-- @AfterMethod addCompanyPage_TearDown -->
  <testcase classname="com.TestCases.AddCompanyPageTest" name="@BeforeMethod addCompaniesPage_SetUp" time="0.0">
    <skipped/>
  </testcase> <!-- @BeforeMethod addCompaniesPage_SetUp -->
  <testcase classname="com.TestCases.AddCompanyPageTest" name="@AfterMethod addCompanyPage_TearDown" time="0.0">
    <skipped/>
  </testcase> <!-- @AfterMethod addCompanyPage_TearDown -->
  <testcase classname="com.TestCases.AddCompanyPageTest" name="@BeforeMethod addCompaniesPage_SetUp" time="0.0">
    <skipped/>
  </testcase> <!-- @BeforeMethod addCompaniesPage_SetUp -->
  <testcase classname="com.TestCases.AddCompanyPageTest" name="@AfterMethod addCompanyPage_TearDown" time="0.0">
    <skipped/>
  </testcase> <!-- @AfterMethod addCompanyPage_TearDown -->
  <testcase classname="com.TestCases.AddCompanyPageTest" name="@BeforeMethod addCompaniesPage_SetUp" time="0.0">
    <skipped/>
  </testcase> <!-- @BeforeMethod addCompaniesPage_SetUp -->
  <testcase classname="com.TestCases.AddCompanyPageTest" name="@AfterMethod addCompanyPage_TearDown" time="0.0">
    <skipped/>
  </testcase> <!-- @AfterMethod addCompanyPage_TearDown -->
  <testcase classname="com.TestCases.AddCompanyPageTest" name="@BeforeMethod addCompaniesPage_SetUp" time="0.0">
    <skipped/>
  </testcase> <!-- @BeforeMethod addCompaniesPage_SetUp -->
  <testcase classname="com.TestCases.AddCompanyPageTest" name="@AfterMethod addCompanyPage_TearDown" time="0.0">
    <skipped/>
  </testcase> <!-- @AfterMethod addCompanyPage_TearDown -->
  <testcase classname="com.TestCases.AddCompanyPageTest" name="@BeforeMethod addCompaniesPage_SetUp" time="0.0">
    <skipped/>
  </testcase> <!-- @BeforeMethod addCompaniesPage_SetUp -->
  <testcase classname="com.TestCases.AddCompanyPageTest" name="@AfterMethod addCompanyPage_TearDown" time="0.0">
    <skipped/>
  </testcase> <!-- @AfterMethod addCompanyPage_TearDown -->
  <testcase classname="com.TestCases.AddCompanyPageTest" name="@BeforeMethod addCompaniesPage_SetUp" time="0.0">
    <skipped/>
  </testcase> <!-- @BeforeMethod addCompaniesPage_SetUp -->
  <testcase classname="com.TestCases.AddCompanyPageTest" name="@AfterMethod addCompanyPage_TearDown" time="0.0">
    <skipped/>
  </testcase> <!-- @AfterMethod addCompanyPage_TearDown -->
  <testcase classname="com.TestCases.AddCompanyPageTest" name="@BeforeMethod addCompaniesPage_SetUp" time="0.0">
    <skipped/>
  </testcase> <!-- @BeforeMethod addCompaniesPage_SetUp -->
  <testcase classname="com.TestCases.AddCompanyPageTest" name="@AfterMethod addCompanyPage_TearDown" time="0.0">
    <skipped/>
  </testcase> <!-- @AfterMethod addCompanyPage_TearDown -->
  <testcase classname="com.TestCases.AddCompanyPageTest" name="@BeforeMethod addCompaniesPage_SetUp" time="0.0">
    <skipped/>
  </testcase> <!-- @BeforeMethod addCompaniesPage_SetUp -->
  <testcase classname="com.TestCases.AddCompanyPageTest" name="@AfterMethod addCompanyPage_TearDown" time="0.0">
    <skipped/>
  </testcase> <!-- @AfterMethod addCompanyPage_TearDown -->
  <testcase classname="com.TestCases.CompanyDetailsPageTest" name="@BeforeMethod companyDetailsPage_SetUp" time="0.425">
    <failure type="io.github.bonigarcia.wdm.config.WebDriverManagerException" message="io.github.bonigarcia.wdm.config.WebDriverManagerException: java.net.UnknownHostException: chromedriver.storage.googleapis.com">
      <![CDATA[io.github.bonigarcia.wdm.config.WebDriverManagerException: io.github.bonigarcia.wdm.config.WebDriverManagerException: java.net.UnknownHostException: chromedriver.storage.googleapis.com
at io.github.bonigarcia.wdm.WebDriverManager.handleException(WebDriverManager.java:1423)
at io.github.bonigarcia.wdm.WebDriverManager.manage(WebDriverManager.java:1204)
at io.github.bonigarcia.wdm.WebDriverManager.fallback(WebDriverManager.java:1439)
at io.github.bonigarcia.wdm.WebDriverManager.handleException(WebDriverManager.java:1420)
at io.github.bonigarcia.wdm.WebDriverManager.manage(WebDriverManager.java:1204)
at io.github.bonigarcia.wdm.WebDriverManager.handleException(WebDriverManager.java:1413)
at io.github.bonigarcia.wdm.WebDriverManager.manage(WebDriverManager.java:1204)
at io.github.bonigarcia.wdm.WebDriverManager.setup(WebDriverManager.java:419)
at com.Base.Base.setUp(Base.java:44)
at com.TestCases.CompanyDetailsPageTest.companyDetailsPage_SetUp(CompanyDetailsPageTest.java:34)
at java.base/java.util.ArrayList.forEach(ArrayList.java:1511)
Caused by: io.github.bonigarcia.wdm.config.WebDriverManagerException: java.net.UnknownHostException: chromedriver.storage.googleapis.com
at io.github.bonigarcia.wdm.WebDriverManager.getDriversFromXml(WebDriverManager.java:1577)
at io.github.bonigarcia.wdm.managers.ChromeDriverManager.getDriverUrls(ChromeDriverManager.java:106)
at io.github.bonigarcia.wdm.WebDriverManager.createUrlHandler(WebDriverManager.java:1444)
at io.github.bonigarcia.wdm.WebDriverManager.download(WebDriverManager.java:1279)
at io.github.bonigarcia.wdm.WebDriverManager.manage(WebDriverManager.java:1198)
... 40 more
Caused by: java.net.UnknownHostException: chromedriver.storage.googleapis.com
at java.base/java.net.InetAddress$CachedAddresses.get(InetAddress.java:801)
at java.base/java.net.InetAddress.getAllByName0(InetAddress.java:1524)
at java.base/java.net.InetAddress.getAllByName(InetAddress.java:1381)
at java.base/java.net.InetAddress.getAllByName(InetAddress.java:1305)
at org.apache.hc.client5.http.SystemDefaultDnsResolver.resolve(SystemDefaultDnsResolver.java:43)
at org.apache.hc.client5.http.impl.io.DefaultHttpClientConnectionOperator.connect(DefaultHttpClientConnectionOperator.java:141)
at org.apache.hc.client5.http.impl.io.PoolingHttpClientConnectionManager.connect(PoolingHttpClientConnectionManager.java:447)
at org.apache.hc.client5.http.impl.classic.InternalExecRuntime.connectEndpoint(InternalExecRuntime.java:162)
at org.apache.hc.client5.http.impl.classic.InternalExecRuntime.connectEndpoint(InternalExecRuntime.java:172)
at org.apache.hc.client5.http.impl.classic.ConnectExec.execute(ConnectExec.java:142)
at org.apache.hc.client5.http.impl.classic.ExecChainElement.execute(ExecChainElement.java:51)
at org.apache.hc.client5.http.impl.classic.ProtocolExec.execute(ProtocolExec.java:192)
at org.apache.hc.client5.http.impl.classic.ExecChainElement.execute(ExecChainElement.java:51)
at org.apache.hc.client5.http.impl.classic.HttpRequestRetryExec.execute(HttpRequestRetryExec.java:96)
at org.apache.hc.client5.http.impl.classic.ExecChainElement.execute(ExecChainElement.java:51)
at org.apache.hc.client5.http.impl.classic.ContentCompressionExec.execute(ContentCompressionExec.java:152)
at org.apache.hc.client5.http.impl.classic.ExecChainElement.execute(ExecChainElement.java:51)
at org.apache.hc.client5.http.impl.classic.RedirectExec.execute(RedirectExec.java:115)
at org.apache.hc.client5.http.impl.classic.ExecChainElement.execute(ExecChainElement.java:51)
at org.apache.hc.client5.http.impl.classic.InternalHttpClient.doExecute(InternalHttpClient.java:170)
at org.apache.hc.client5.http.impl.classic.CloseableHttpClient.execute(CloseableHttpClient.java:87)
at org.apache.hc.client5.http.impl.classic.CloseableHttpClient.execute(CloseableHttpClient.java:55)
at org.apache.hc.client5.http.classic.HttpClient.executeOpen(HttpClient.java:183)
at io.github.bonigarcia.wdm.online.HttpClient.execute(HttpClient.java:162)
at io.github.bonigarcia.wdm.WebDriverManager.getDriversFromXml(WebDriverManager.java:1562)
... 44 more
... Removed 31 stack frames]]>
    </failure>
  </testcase> <!-- @BeforeMethod companyDetailsPage_SetUp -->
  <testcase classname="com.TestCases.CompanyDetailsPageTest" name="@AfterMethod companyDetailsPage_TearDown" time="0.0">
    <skipped/>
  </testcase> <!-- @AfterMethod companyDetailsPage_TearDown -->
  <testcase classname="com.TestCases.CompanyDetailsPageTest" name="@BeforeMethod companyDetailsPage_SetUp" time="0.0">
    <skipped/>
  </testcase> <!-- @BeforeMethod companyDetailsPage_SetUp -->
  <testcase classname="com.TestCases.CompanyDetailsPageTest" name="@AfterMethod companyDetailsPage_TearDown" time="0.0">
    <skipped/>
  </testcase> <!-- @AfterMethod companyDetailsPage_TearDown -->
  <testcase classname="com.TestCases.CompanyDetailsPageTest" name="@BeforeMethod companyDetailsPage_SetUp" time="0.0">
    <skipped/>
  </testcase> <!-- @BeforeMethod companyDetailsPage_SetUp -->
  <testcase classname="com.TestCases.CompanyDetailsPageTest" name="@AfterMethod companyDetailsPage_TearDown" time="0.0">
    <skipped/>
  </testcase> <!-- @AfterMethod companyDetailsPage_TearDown -->
  <testcase classname="com.TestCases.CompanyDetailsPageTest" name="@BeforeMethod companyDetailsPage_SetUp" time="0.0">
    <skipped/>
  </testcase> <!-- @BeforeMethod companyDetailsPage_SetUp -->
  <testcase classname="com.TestCases.CompanyDetailsPageTest" name="@AfterMethod companyDetailsPage_TearDown" time="0.0">
    <skipped/>
  </testcase> <!-- @AfterMethod companyDetailsPage_TearDown -->
  <testcase classname="com.TestCases.CompanyDetailsPageTest" name="@BeforeMethod companyDetailsPage_SetUp" time="0.0">
    <skipped/>
  </testcase> <!-- @BeforeMethod companyDetailsPage_SetUp -->
  <testcase classname="com.TestCases.CompanyDetailsPageTest" name="@AfterMethod companyDetailsPage_TearDown" time="0.0">
    <skipped/>
  </testcase> <!-- @AfterMethod companyDetailsPage_TearDown -->
  <testcase classname="com.TestCases.CompanyDetailsPageTest" name="@BeforeMethod companyDetailsPage_SetUp" time="0.0">
    <skipped/>
  </testcase> <!-- @BeforeMethod companyDetailsPage_SetUp -->
  <testcase classname="com.TestCases.CompanyDetailsPageTest" name="@AfterMethod companyDetailsPage_TearDown" time="0.0">
    <skipped/>
  </testcase> <!-- @AfterMethod companyDetailsPage_TearDown -->
  <testcase classname="com.TestCases.PreferencesPageTest" name="@BeforeMethod preferencesPage_SetUp" time="0.388">
    <failure type="io.github.bonigarcia.wdm.config.WebDriverManagerException" message="io.github.bonigarcia.wdm.config.WebDriverManagerException: java.net.UnknownHostException: chromedriver.storage.googleapis.com">
      <![CDATA[io.github.bonigarcia.wdm.config.WebDriverManagerException: io.github.bonigarcia.wdm.config.WebDriverManagerException: java.net.UnknownHostException: chromedriver.storage.googleapis.com
at io.github.bonigarcia.wdm.WebDriverManager.handleException(WebDriverManager.java:1423)
at io.github.bonigarcia.wdm.WebDriverManager.manage(WebDriverManager.java:1204)
at io.github.bonigarcia.wdm.WebDriverManager.fallback(WebDriverManager.java:1439)
at io.github.bonigarcia.wdm.WebDriverManager.handleException(WebDriverManager.java:1420)
at io.github.bonigarcia.wdm.WebDriverManager.manage(WebDriverManager.java:1204)
at io.github.bonigarcia.wdm.WebDriverManager.handleException(WebDriverManager.java:1413)
at io.github.bonigarcia.wdm.WebDriverManager.manage(WebDriverManager.java:1204)
at io.github.bonigarcia.wdm.WebDriverManager.setup(WebDriverManager.java:419)
at com.Base.Base.setUp(Base.java:44)
at com.TestCases.PreferencesPageTest.preferencesPage_SetUp(PreferencesPageTest.java:27)
at java.base/java.util.ArrayList.forEach(ArrayList.java:1511)
Caused by: io.github.bonigarcia.wdm.config.WebDriverManagerException: java.net.UnknownHostException: chromedriver.storage.googleapis.com
at io.github.bonigarcia.wdm.WebDriverManager.getDriversFromXml(WebDriverManager.java:1577)
at io.github.bonigarcia.wdm.managers.ChromeDriverManager.getDriverUrls(ChromeDriverManager.java:106)
at io.github.bonigarcia.wdm.WebDriverManager.createUrlHandler(WebDriverManager.java:1444)
at io.github.bonigarcia.wdm.WebDriverManager.download(WebDriverManager.java:1279)
at io.github.bonigarcia.wdm.WebDriverManager.manage(WebDriverManager.java:1198)
... 40 more
Caused by: java.net.UnknownHostException: chromedriver.storage.googleapis.com
at java.base/java.net.InetAddress$CachedAddresses.get(InetAddress.java:801)
at java.base/java.net.InetAddress.getAllByName0(InetAddress.java:1524)
at java.base/java.net.InetAddress.getAllByName(InetAddress.java:1381)
at java.base/java.net.InetAddress.getAllByName(InetAddress.java:1305)
at org.apache.hc.client5.http.SystemDefaultDnsResolver.resolve(SystemDefaultDnsResolver.java:43)
at org.apache.hc.client5.http.impl.io.DefaultHttpClientConnectionOperator.connect(DefaultHttpClientConnectionOperator.java:141)
at org.apache.hc.client5.http.impl.io.PoolingHttpClientConnectionManager.connect(PoolingHttpClientConnectionManager.java:447)
at org.apache.hc.client5.http.impl.classic.InternalExecRuntime.connectEndpoint(InternalExecRuntime.java:162)
at org.apache.hc.client5.http.impl.classic.InternalExecRuntime.connectEndpoint(InternalExecRuntime.java:172)
at org.apache.hc.client5.http.impl.classic.ConnectExec.execute(ConnectExec.java:142)
at org.apache.hc.client5.http.impl.classic.ExecChainElement.execute(ExecChainElement.java:51)
at org.apache.hc.client5.http.impl.classic.ProtocolExec.execute(ProtocolExec.java:192)
at org.apache.hc.client5.http.impl.classic.ExecChainElement.execute(ExecChainElement.java:51)
at org.apache.hc.client5.http.impl.classic.HttpRequestRetryExec.execute(HttpRequestRetryExec.java:96)
at org.apache.hc.client5.http.impl.classic.ExecChainElement.execute(ExecChainElement.java:51)
at org.apache.hc.client5.http.impl.classic.ContentCompressionExec.execute(ContentCompressionExec.java:152)
at org.apache.hc.client5.http.impl.classic.ExecChainElement.execute(ExecChainElement.java:51)
at org.apache.hc.client5.http.impl.classic.RedirectExec.execute(RedirectExec.java:115)
at org.apache.hc.client5.http.impl.classic.ExecChainElement.execute(ExecChainElement.java:51)
at org.apache.hc.client5.http.impl.classic.InternalHttpClient.doExecute(InternalHttpClient.java:170)
at org.apache.hc.client5.http.impl.classic.CloseableHttpClient.execute(CloseableHttpClient.java:87)
at org.apache.hc.client5.http.impl.classic.CloseableHttpClient.execute(CloseableHttpClient.java:55)
at org.apache.hc.client5.http.classic.HttpClient.executeOpen(HttpClient.java:183)
at io.github.bonigarcia.wdm.online.HttpClient.execute(HttpClient.java:162)
at io.github.bonigarcia.wdm.WebDriverManager.getDriversFromXml(WebDriverManager.java:1562)
... 44 more
... Removed 31 stack frames]]>
    </failure>
  </testcase> <!-- @BeforeMethod preferencesPage_SetUp -->
  <testcase classname="com.TestCases.PreferencesPageTest" name="@AfterMethod preferencesPage_TearDown" time="0.0">
    <skipped/>
  </testcase> <!-- @AfterMethod preferencesPage_TearDown -->
  <testcase classname="com.TestCases.PreferencesPageTest" name="@BeforeMethod preferencesPage_SetUp" time="0.0">
    <skipped/>
  </testcase> <!-- @BeforeMethod preferencesPage_SetUp -->
  <testcase classname="com.TestCases.PreferencesPageTest" name="@AfterMethod preferencesPage_TearDown" time="0.0">
    <skipped/>
  </testcase> <!-- @AfterMethod preferencesPage_TearDown -->
  <testcase classname="com.TestCases.PreferencesPageTest" name="@BeforeMethod preferencesPage_SetUp" time="0.0">
    <skipped/>
  </testcase> <!-- @BeforeMethod preferencesPage_SetUp -->
  <testcase classname="com.TestCases.PreferencesPageTest" name="@AfterMethod preferencesPage_TearDown" time="0.0">
    <skipped/>
  </testcase> <!-- @AfterMethod preferencesPage_TearDown -->
  <testcase classname="com.TestCases.PreferencesPageTest" name="@BeforeMethod preferencesPage_SetUp" time="0.0">
    <skipped/>
  </testcase> <!-- @BeforeMethod preferencesPage_SetUp -->
  <testcase classname="com.TestCases.PreferencesPageTest" name="@AfterMethod preferencesPage_TearDown" time="0.0">
    <skipped/>
  </testcase> <!-- @AfterMethod preferencesPage_TearDown -->
  <testcase classname="com.TestCases.PreferencesPageTest" name="@BeforeMethod preferencesPage_SetUp" time="0.0">
    <skipped/>
  </testcase> <!-- @BeforeMethod preferencesPage_SetUp -->
  <testcase classname="com.TestCases.PreferencesPageTest" name="@AfterMethod preferencesPage_TearDown" time="0.0">
    <skipped/>
  </testcase> <!-- @AfterMethod preferencesPage_TearDown -->
  <testcase classname="com.TestCases.PreferencesPageTest" name="@BeforeMethod preferencesPage_SetUp" time="0.0">
    <skipped/>
  </testcase> <!-- @BeforeMethod preferencesPage_SetUp -->
  <testcase classname="com.TestCases.PreferencesPageTest" name="@AfterMethod preferencesPage_TearDown" time="0.0">
    <skipped/>
  </testcase> <!-- @AfterMethod preferencesPage_TearDown -->
  <testcase classname="com.TestCases.AdminMyDetailsEducationDetailsTest" name="@BeforeMethod myDetails_EducationDetails_SetUp" time="0.376">
    <failure type="io.github.bonigarcia.wdm.config.WebDriverManagerException" message="io.github.bonigarcia.wdm.config.WebDriverManagerException: java.net.UnknownHostException: chromedriver.storage.googleapis.com">
      <![CDATA[io.github.bonigarcia.wdm.config.WebDriverManagerException: io.github.bonigarcia.wdm.config.WebDriverManagerException: java.net.UnknownHostException: chromedriver.storage.googleapis.com
at io.github.bonigarcia.wdm.WebDriverManager.handleException(WebDriverManager.java:1423)
at io.github.bonigarcia.wdm.WebDriverManager.manage(WebDriverManager.java:1204)
at io.github.bonigarcia.wdm.WebDriverManager.fallback(WebDriverManager.java:1439)
at io.github.bonigarcia.wdm.WebDriverManager.handleException(WebDriverManager.java:1420)
at io.github.bonigarcia.wdm.WebDriverManager.manage(WebDriverManager.java:1204)
at io.github.bonigarcia.wdm.WebDriverManager.handleException(WebDriverManager.java:1413)
at io.github.bonigarcia.wdm.WebDriverManager.manage(WebDriverManager.java:1204)
at io.github.bonigarcia.wdm.WebDriverManager.setup(WebDriverManager.java:419)
at com.Base.Base.setUp(Base.java:44)
at com.TestCases.AdminMyDetailsEducationDetailsTest.myDetails_EducationDetails_SetUp(AdminMyDetailsEducationDetailsTest.java:46)
at java.base/java.util.ArrayList.forEach(ArrayList.java:1511)
Caused by: io.github.bonigarcia.wdm.config.WebDriverManagerException: java.net.UnknownHostException: chromedriver.storage.googleapis.com
at io.github.bonigarcia.wdm.WebDriverManager.getDriversFromXml(WebDriverManager.java:1577)
at io.github.bonigarcia.wdm.managers.ChromeDriverManager.getDriverUrls(ChromeDriverManager.java:106)
at io.github.bonigarcia.wdm.WebDriverManager.createUrlHandler(WebDriverManager.java:1444)
at io.github.bonigarcia.wdm.WebDriverManager.download(WebDriverManager.java:1279)
at io.github.bonigarcia.wdm.WebDriverManager.manage(WebDriverManager.java:1198)
... 40 more
Caused by: java.net.UnknownHostException: chromedriver.storage.googleapis.com
at java.base/java.net.InetAddress$CachedAddresses.get(InetAddress.java:801)
at java.base/java.net.InetAddress.getAllByName0(InetAddress.java:1524)
at java.base/java.net.InetAddress.getAllByName(InetAddress.java:1381)
at java.base/java.net.InetAddress.getAllByName(InetAddress.java:1305)
at org.apache.hc.client5.http.SystemDefaultDnsResolver.resolve(SystemDefaultDnsResolver.java:43)
at org.apache.hc.client5.http.impl.io.DefaultHttpClientConnectionOperator.connect(DefaultHttpClientConnectionOperator.java:141)
at org.apache.hc.client5.http.impl.io.PoolingHttpClientConnectionManager.connect(PoolingHttpClientConnectionManager.java:447)
at org.apache.hc.client5.http.impl.classic.InternalExecRuntime.connectEndpoint(InternalExecRuntime.java:162)
at org.apache.hc.client5.http.impl.classic.InternalExecRuntime.connectEndpoint(InternalExecRuntime.java:172)
at org.apache.hc.client5.http.impl.classic.ConnectExec.execute(ConnectExec.java:142)
at org.apache.hc.client5.http.impl.classic.ExecChainElement.execute(ExecChainElement.java:51)
at org.apache.hc.client5.http.impl.classic.ProtocolExec.execute(ProtocolExec.java:192)
at org.apache.hc.client5.http.impl.classic.ExecChainElement.execute(ExecChainElement.java:51)
at org.apache.hc.client5.http.impl.classic.HttpRequestRetryExec.execute(HttpRequestRetryExec.java:96)
at org.apache.hc.client5.http.impl.classic.ExecChainElement.execute(ExecChainElement.java:51)
at org.apache.hc.client5.http.impl.classic.ContentCompressionExec.execute(ContentCompressionExec.java:152)
at org.apache.hc.client5.http.impl.classic.ExecChainElement.execute(ExecChainElement.java:51)
at org.apache.hc.client5.http.impl.classic.RedirectExec.execute(RedirectExec.java:115)
at org.apache.hc.client5.http.impl.classic.ExecChainElement.execute(ExecChainElement.java:51)
at org.apache.hc.client5.http.impl.classic.InternalHttpClient.doExecute(InternalHttpClient.java:170)
at org.apache.hc.client5.http.impl.classic.CloseableHttpClient.execute(CloseableHttpClient.java:87)
at org.apache.hc.client5.http.impl.classic.CloseableHttpClient.execute(CloseableHttpClient.java:55)
at org.apache.hc.client5.http.classic.HttpClient.executeOpen(HttpClient.java:183)
at io.github.bonigarcia.wdm.online.HttpClient.execute(HttpClient.java:162)
at io.github.bonigarcia.wdm.WebDriverManager.getDriversFromXml(WebDriverManager.java:1562)
... 44 more
... Removed 31 stack frames]]>
    </failure>
  </testcase> <!-- @BeforeMethod myDetails_EducationDetails_SetUp -->
  <testcase classname="com.TestCases.AdminMyDetailsEducationDetailsTest" name="@AfterMethod myDetails_EducationDetails_TearDown" time="0.0">
    <skipped/>
  </testcase> <!-- @AfterMethod myDetails_EducationDetails_TearDown -->
  <testcase classname="com.TestCases.AdminMyDetailsEducationDetailsTest" name="@BeforeMethod myDetails_EducationDetails_SetUp" time="0.0">
    <skipped/>
  </testcase> <!-- @BeforeMethod myDetails_EducationDetails_SetUp -->
  <testcase classname="com.TestCases.AdminMyDetailsEducationDetailsTest" name="@AfterMethod myDetails_EducationDetails_TearDown" time="0.0">
    <skipped/>
  </testcase> <!-- @AfterMethod myDetails_EducationDetails_TearDown -->
  <testcase classname="com.TestCases.AdminMyDetailsEducationDetailsTest" name="@BeforeMethod myDetails_EducationDetails_SetUp" time="0.0">
    <skipped/>
  </testcase> <!-- @BeforeMethod myDetails_EducationDetails_SetUp -->
  <testcase classname="com.TestCases.AdminMyDetailsEducationDetailsTest" name="@AfterMethod myDetails_EducationDetails_TearDown" time="0.0">
    <skipped/>
  </testcase> <!-- @AfterMethod myDetails_EducationDetails_TearDown -->
  <testcase classname="com.TestCases.AdminMyDetailsEducationDetailsTest" name="@BeforeMethod myDetails_EducationDetails_SetUp" time="0.0">
    <skipped/>
  </testcase> <!-- @BeforeMethod myDetails_EducationDetails_SetUp -->
  <testcase classname="com.TestCases.AdminMyDetailsEducationDetailsTest" name="@AfterMethod myDetails_EducationDetails_TearDown" time="0.0">
    <skipped/>
  </testcase> <!-- @AfterMethod myDetails_EducationDetails_TearDown -->
  <testcase classname="com.TestCases.AdminMyDetailsEducationDetailsTest" name="@BeforeMethod myDetails_EducationDetails_SetUp" time="0.0">
    <skipped/>
  </testcase> <!-- @BeforeMethod myDetails_EducationDetails_SetUp -->
  <testcase classname="com.TestCases.AdminMyDetailsEducationDetailsTest" name="@AfterMethod myDetails_EducationDetails_TearDown" time="0.0">
    <skipped/>
  </testcase> <!-- @AfterMethod myDetails_EducationDetails_TearDown -->
  <testcase classname="com.TestCases.AdminMyDetailsEducationDetailsTest" name="@BeforeMethod myDetails_EducationDetails_SetUp" time="0.0">
    <skipped/>
  </testcase> <!-- @BeforeMethod myDetails_EducationDetails_SetUp -->
  <testcase classname="com.TestCases.AdminMyDetailsEducationDetailsTest" name="@AfterMethod myDetails_EducationDetails_TearDown" time="0.0">
    <skipped/>
  </testcase> <!-- @AfterMethod myDetails_EducationDetails_TearDown -->
  <testcase classname="com.TestCases.AdminMyDetailsEducationDetailsTest" name="@BeforeMethod myDetails_EducationDetails_SetUp" time="0.0">
    <skipped/>
  </testcase> <!-- @BeforeMethod myDetails_EducationDetails_SetUp -->
  <testcase classname="com.TestCases.AdminMyDetailsEducationDetailsTest" name="@AfterMethod myDetails_EducationDetails_TearDown" time="0.0">
    <skipped/>
  </testcase> <!-- @AfterMethod myDetails_EducationDetails_TearDown -->
  <testcase classname="com.TestCases.AdminMyDetailsEducationDetailsTest" name="@BeforeMethod myDetails_EducationDetails_SetUp" time="0.0">
    <skipped/>
  </testcase> <!-- @BeforeMethod myDetails_EducationDetails_SetUp -->
  <testcase classname="com.TestCases.AdminMyDetailsEducationDetailsTest" name="@AfterMethod myDetails_EducationDetails_TearDown" time="0.0">
    <skipped/>
  </testcase> <!-- @AfterMethod myDetails_EducationDetails_TearDown -->
  <testcase classname="com.TestCases.AdminMyDetailsEducationDetailsTest" name="@BeforeMethod myDetails_EducationDetails_SetUp" time="0.0">
    <skipped/>
  </testcase> <!-- @BeforeMethod myDetails_EducationDetails_SetUp -->
  <testcase classname="com.TestCases.AdminMyDetailsEducationDetailsTest" name="@AfterMethod myDetails_EducationDetails_TearDown" time="0.0">
    <skipped/>
  </testcase> <!-- @AfterMethod myDetails_EducationDetails_TearDown -->
  <testcase classname="com.TestCases.AdminMyDetailsEducationDetailsTest" name="@BeforeMethod myDetails_EducationDetails_SetUp" time="0.0">
    <skipped/>
  </testcase> <!-- @BeforeMethod myDetails_EducationDetails_SetUp -->
  <testcase classname="com.TestCases.AdminMyDetailsEducationDetailsTest" name="@AfterMethod myDetails_EducationDetails_TearDown" time="0.0">
    <skipped/>
  </testcase> <!-- @AfterMethod myDetails_EducationDetails_TearDown -->
  <testcase classname="com.TestCases.AdminMyDetailsEducationDetailsTest" name="@BeforeMethod myDetails_EducationDetails_SetUp" time="0.0">
    <skipped/>
  </testcase> <!-- @BeforeMethod myDetails_EducationDetails_SetUp -->
  <testcase classname="com.TestCases.AdminMyDetailsEducationDetailsTest" name="@AfterMethod myDetails_EducationDetails_TearDown" time="0.0">
    <skipped/>
  </testcase> <!-- @AfterMethod myDetails_EducationDetails_TearDown -->
  <testcase classname="com.TestCases.AdminMyDetailsWorkAuthorizationPageTest" name="@BeforeMethod myDetails_WorkAuthorizaton_SetUp" time="0.422">
    <failure type="io.github.bonigarcia.wdm.config.WebDriverManagerException" message="io.github.bonigarcia.wdm.config.WebDriverManagerException: java.net.UnknownHostException: chromedriver.storage.googleapis.com">
      <![CDATA[io.github.bonigarcia.wdm.config.WebDriverManagerException: io.github.bonigarcia.wdm.config.WebDriverManagerException: java.net.UnknownHostException: chromedriver.storage.googleapis.com
at io.github.bonigarcia.wdm.WebDriverManager.handleException(WebDriverManager.java:1423)
at io.github.bonigarcia.wdm.WebDriverManager.manage(WebDriverManager.java:1204)
at io.github.bonigarcia.wdm.WebDriverManager.fallback(WebDriverManager.java:1439)
at io.github.bonigarcia.wdm.WebDriverManager.handleException(WebDriverManager.java:1420)
at io.github.bonigarcia.wdm.WebDriverManager.manage(WebDriverManager.java:1204)
at io.github.bonigarcia.wdm.WebDriverManager.handleException(WebDriverManager.java:1413)
at io.github.bonigarcia.wdm.WebDriverManager.manage(WebDriverManager.java:1204)
at io.github.bonigarcia.wdm.WebDriverManager.setup(WebDriverManager.java:419)
at com.Base.Base.setUp(Base.java:44)
at com.TestCases.AdminMyDetailsWorkAuthorizationPageTest.myDetails_WorkAuthorizaton_SetUp(AdminMyDetailsWorkAuthorizationPageTest.java:46)
at java.base/java.util.ArrayList.forEach(ArrayList.java:1511)
Caused by: io.github.bonigarcia.wdm.config.WebDriverManagerException: java.net.UnknownHostException: chromedriver.storage.googleapis.com
at io.github.bonigarcia.wdm.WebDriverManager.getDriversFromXml(WebDriverManager.java:1577)
at io.github.bonigarcia.wdm.managers.ChromeDriverManager.getDriverUrls(ChromeDriverManager.java:106)
at io.github.bonigarcia.wdm.WebDriverManager.createUrlHandler(WebDriverManager.java:1444)
at io.github.bonigarcia.wdm.WebDriverManager.download(WebDriverManager.java:1279)
at io.github.bonigarcia.wdm.WebDriverManager.manage(WebDriverManager.java:1198)
... 40 more
Caused by: java.net.UnknownHostException: chromedriver.storage.googleapis.com
at java.base/java.net.InetAddress$CachedAddresses.get(InetAddress.java:801)
at java.base/java.net.InetAddress.getAllByName0(InetAddress.java:1524)
at java.base/java.net.InetAddress.getAllByName(InetAddress.java:1381)
at java.base/java.net.InetAddress.getAllByName(InetAddress.java:1305)
at org.apache.hc.client5.http.SystemDefaultDnsResolver.resolve(SystemDefaultDnsResolver.java:43)
at org.apache.hc.client5.http.impl.io.DefaultHttpClientConnectionOperator.connect(DefaultHttpClientConnectionOperator.java:141)
at org.apache.hc.client5.http.impl.io.PoolingHttpClientConnectionManager.connect(PoolingHttpClientConnectionManager.java:447)
at org.apache.hc.client5.http.impl.classic.InternalExecRuntime.connectEndpoint(InternalExecRuntime.java:162)
at org.apache.hc.client5.http.impl.classic.InternalExecRuntime.connectEndpoint(InternalExecRuntime.java:172)
at org.apache.hc.client5.http.impl.classic.ConnectExec.execute(ConnectExec.java:142)
at org.apache.hc.client5.http.impl.classic.ExecChainElement.execute(ExecChainElement.java:51)
at org.apache.hc.client5.http.impl.classic.ProtocolExec.execute(ProtocolExec.java:192)
at org.apache.hc.client5.http.impl.classic.ExecChainElement.execute(ExecChainElement.java:51)
at org.apache.hc.client5.http.impl.classic.HttpRequestRetryExec.execute(HttpRequestRetryExec.java:96)
at org.apache.hc.client5.http.impl.classic.ExecChainElement.execute(ExecChainElement.java:51)
at org.apache.hc.client5.http.impl.classic.ContentCompressionExec.execute(ContentCompressionExec.java:152)
at org.apache.hc.client5.http.impl.classic.ExecChainElement.execute(ExecChainElement.java:51)
at org.apache.hc.client5.http.impl.classic.RedirectExec.execute(RedirectExec.java:115)
at org.apache.hc.client5.http.impl.classic.ExecChainElement.execute(ExecChainElement.java:51)
at org.apache.hc.client5.http.impl.classic.InternalHttpClient.doExecute(InternalHttpClient.java:170)
at org.apache.hc.client5.http.impl.classic.CloseableHttpClient.execute(CloseableHttpClient.java:87)
at org.apache.hc.client5.http.impl.classic.CloseableHttpClient.execute(CloseableHttpClient.java:55)
at org.apache.hc.client5.http.classic.HttpClient.executeOpen(HttpClient.java:183)
at io.github.bonigarcia.wdm.online.HttpClient.execute(HttpClient.java:162)
at io.github.bonigarcia.wdm.WebDriverManager.getDriversFromXml(WebDriverManager.java:1562)
... 44 more
... Removed 31 stack frames]]>
    </failure>
  </testcase> <!-- @BeforeMethod myDetails_WorkAuthorizaton_SetUp -->
  <testcase classname="com.TestCases.AdminMyDetailsWorkAuthorizationPageTest" name="@AfterMethod myDetails_WorkAuthorization_TearDown" time="0.0">
    <skipped/>
  </testcase> <!-- @AfterMethod myDetails_WorkAuthorization_TearDown -->
  <testcase classname="com.TestCases.AdminMyDetailsWorkAuthorizationPageTest" name="@BeforeMethod myDetails_WorkAuthorizaton_SetUp" time="0.0">
    <skipped/>
  </testcase> <!-- @BeforeMethod myDetails_WorkAuthorizaton_SetUp -->
  <testcase classname="com.TestCases.AdminMyDetailsWorkAuthorizationPageTest" name="@AfterMethod myDetails_WorkAuthorization_TearDown" time="0.0">
    <skipped/>
  </testcase> <!-- @AfterMethod myDetails_WorkAuthorization_TearDown -->
  <testcase classname="com.TestCases.AdminMyDetailsWorkAuthorizationPageTest" name="@BeforeMethod myDetails_WorkAuthorizaton_SetUp" time="0.0">
    <skipped/>
  </testcase> <!-- @BeforeMethod myDetails_WorkAuthorizaton_SetUp -->
  <testcase classname="com.TestCases.AdminMyDetailsWorkAuthorizationPageTest" name="@AfterMethod myDetails_WorkAuthorization_TearDown" time="0.0">
    <skipped/>
  </testcase> <!-- @AfterMethod myDetails_WorkAuthorization_TearDown -->
  <testcase classname="com.TestCases.AdminMyDetailsWorkAuthorizationPageTest" name="@BeforeMethod myDetails_WorkAuthorizaton_SetUp" time="0.0">
    <skipped/>
  </testcase> <!-- @BeforeMethod myDetails_WorkAuthorizaton_SetUp -->
  <testcase classname="com.TestCases.AdminMyDetailsWorkAuthorizationPageTest" name="@AfterMethod myDetails_WorkAuthorization_TearDown" time="0.0">
    <skipped/>
  </testcase> <!-- @AfterMethod myDetails_WorkAuthorization_TearDown -->
  <testcase classname="com.TestCases.AdminMyDetailsWorkAuthorizationPageTest" name="@BeforeMethod myDetails_WorkAuthorizaton_SetUp" time="0.0">
    <skipped/>
  </testcase> <!-- @BeforeMethod myDetails_WorkAuthorizaton_SetUp -->
  <testcase classname="com.TestCases.AdminMyDetailsWorkAuthorizationPageTest" name="@AfterMethod myDetails_WorkAuthorization_TearDown" time="0.0">
    <skipped/>
  </testcase> <!-- @AfterMethod myDetails_WorkAuthorization_TearDown -->
  <testcase classname="com.TestCases.AdminMyDetailsWorkAuthorizationPageTest" name="@BeforeMethod myDetails_WorkAuthorizaton_SetUp" time="0.0">
    <skipped/>
  </testcase> <!-- @BeforeMethod myDetails_WorkAuthorizaton_SetUp -->
  <testcase classname="com.TestCases.AdminMyDetailsWorkAuthorizationPageTest" name="@AfterMethod myDetails_WorkAuthorization_TearDown" time="0.0">
    <skipped/>
  </testcase> <!-- @AfterMethod myDetails_WorkAuthorization_TearDown -->
  <testcase classname="com.TestCases.AdminMyDetailsWorkAuthorizationPageTest" name="@BeforeMethod myDetails_WorkAuthorizaton_SetUp" time="0.0">
    <skipped/>
  </testcase> <!-- @BeforeMethod myDetails_WorkAuthorizaton_SetUp -->
  <testcase classname="com.TestCases.AdminMyDetailsWorkAuthorizationPageTest" name="@AfterMethod myDetails_WorkAuthorization_TearDown" time="0.0">
    <skipped/>
  </testcase> <!-- @AfterMethod myDetails_WorkAuthorization_TearDown -->
  <testcase classname="com.TestCases.AdminMyDetailsWorkAuthorizationPageTest" name="@BeforeMethod myDetails_WorkAuthorizaton_SetUp" time="0.0">
    <skipped/>
  </testcase> <!-- @BeforeMethod myDetails_WorkAuthorizaton_SetUp -->
  <testcase classname="com.TestCases.AdminMyDetailsWorkAuthorizationPageTest" name="@AfterMethod myDetails_WorkAuthorization_TearDown" time="0.0">
    <skipped/>
  </testcase> <!-- @AfterMethod myDetails_WorkAuthorization_TearDown -->
  <testcase classname="com.TestCases.AdminMyDetailsWorkAuthorizationPageTest" name="@BeforeMethod myDetails_WorkAuthorizaton_SetUp" time="0.0">
    <skipped/>
  </testcase> <!-- @BeforeMethod myDetails_WorkAuthorizaton_SetUp -->
  <testcase classname="com.TestCases.AdminMyDetailsWorkAuthorizationPageTest" name="@AfterMethod myDetails_WorkAuthorization_TearDown" time="0.0">
    <skipped/>
  </testcase> <!-- @AfterMethod myDetails_WorkAuthorization_TearDown -->
  <testcase classname="com.TestCases.AdminMyDetailsWorkAuthorizationPageTest" name="@BeforeMethod myDetails_WorkAuthorizaton_SetUp" time="0.0">
    <skipped/>
  </testcase> <!-- @BeforeMethod myDetails_WorkAuthorizaton_SetUp -->
  <testcase classname="com.TestCases.AdminMyDetailsWorkAuthorizationPageTest" name="@AfterMethod myDetails_WorkAuthorization_TearDown" time="0.0">
    <skipped/>
  </testcase> <!-- @AfterMethod myDetails_WorkAuthorization_TearDown -->
  <testcase classname="com.TestCases.AdminMyDetailsWorkAuthorizationPageTest" name="@BeforeMethod myDetails_WorkAuthorizaton_SetUp" time="0.0">
    <skipped/>
  </testcase> <!-- @BeforeMethod myDetails_WorkAuthorizaton_SetUp -->
  <testcase classname="com.TestCases.AdminMyDetailsWorkAuthorizationPageTest" name="@AfterMethod myDetails_WorkAuthorization_TearDown" time="0.0">
    <skipped/>
  </testcase> <!-- @AfterMethod myDetails_WorkAuthorization_TearDown -->
  <testcase classname="com.TestCases.AdminMyDetailsWorkAuthorizationPageTest" name="@BeforeMethod myDetails_WorkAuthorizaton_SetUp" time="0.0">
    <skipped/>
  </testcase> <!-- @BeforeMethod myDetails_WorkAuthorizaton_SetUp -->
  <testcase classname="com.TestCases.AdminMyDetailsWorkAuthorizationPageTest" name="@AfterMethod myDetails_WorkAuthorization_TearDown" time="0.0">
    <skipped/>
  </testcase> <!-- @AfterMethod myDetails_WorkAuthorization_TearDown -->
  <testcase classname="com.TestCases.AdminMyDetailsWorkAuthorizationPageTest" name="@BeforeMethod myDetails_WorkAuthorizaton_SetUp" time="0.0">
    <skipped/>
  </testcase> <!-- @BeforeMethod myDetails_WorkAuthorizaton_SetUp -->
  <testcase classname="com.TestCases.AdminMyDetailsWorkAuthorizationPageTest" name="@AfterMethod myDetails_WorkAuthorization_TearDown" time="0.0">
    <skipped/>
  </testcase> <!-- @AfterMethod myDetails_WorkAuthorization_TearDown -->
  <testcase classname="com.TestCases.AdminMyDetailsWorkAuthorizationPageTest" name="@BeforeMethod myDetails_WorkAuthorizaton_SetUp" time="0.0">
    <skipped/>
  </testcase> <!-- @BeforeMethod myDetails_WorkAuthorizaton_SetUp -->
  <testcase classname="com.TestCases.AdminMyDetailsWorkAuthorizationPageTest" name="@AfterMethod myDetails_WorkAuthorization_TearDown" time="0.0">
    <skipped/>
  </testcase> <!-- @AfterMethod myDetails_WorkAuthorization_TearDown -->
  <testcase classname="com.TestCases.AdminMyDetailsWorkAuthorizationPageTest" name="@BeforeMethod myDetails_WorkAuthorizaton_SetUp" time="0.0">
    <skipped/>
  </testcase> <!-- @BeforeMethod myDetails_WorkAuthorizaton_SetUp -->
  <testcase classname="com.TestCases.AdminMyDetailsWorkAuthorizationPageTest" name="@AfterMethod myDetails_WorkAuthorization_TearDown" time="0.0">
    <skipped/>
  </testcase> <!-- @AfterMethod myDetails_WorkAuthorization_TearDown -->
  <testcase classname="com.TestCases.AdminMyDetailsWorkAuthorizationPageTest" name="@BeforeMethod myDetails_WorkAuthorizaton_SetUp" time="0.0">
    <skipped/>
  </testcase> <!-- @BeforeMethod myDetails_WorkAuthorizaton_SetUp -->
  <testcase classname="com.TestCases.AdminMyDetailsWorkAuthorizationPageTest" name="@AfterMethod myDetails_WorkAuthorization_TearDown" time="0.0">
    <skipped/>
  </testcase> <!-- @AfterMethod myDetails_WorkAuthorization_TearDown -->
  <testcase classname="com.TestCases.AdminMyDetailsWorkAuthorizationPageTest" name="@BeforeMethod myDetails_WorkAuthorizaton_SetUp" time="0.0">
    <skipped/>
  </testcase> <!-- @BeforeMethod myDetails_WorkAuthorizaton_SetUp -->
  <testcase classname="com.TestCases.AdminMyDetailsWorkAuthorizationPageTest" name="@AfterMethod myDetails_WorkAuthorization_TearDown" time="0.0">
    <skipped/>
  </testcase> <!-- @AfterMethod myDetails_WorkAuthorization_TearDown -->
  <testcase classname="com.TestCases.AdminMyDetailsWorkAuthorizationPageTest" name="@BeforeMethod myDetails_WorkAuthorizaton_SetUp" time="0.0">
    <skipped/>
  </testcase> <!-- @BeforeMethod myDetails_WorkAuthorizaton_SetUp -->
  <testcase classname="com.TestCases.AdminMyDetailsWorkAuthorizationPageTest" name="@AfterMethod myDetails_WorkAuthorization_TearDown" time="0.0">
    <skipped/>
  </testcase> <!-- @AfterMethod myDetails_WorkAuthorization_TearDown -->
  <testcase classname="com.TestCases.AdminMyDetailsWorkAuthorizationPageTest" name="@BeforeMethod myDetails_WorkAuthorizaton_SetUp" time="0.0">
    <skipped/>
  </testcase> <!-- @BeforeMethod myDetails_WorkAuthorizaton_SetUp -->
  <testcase classname="com.TestCases.AdminMyDetailsWorkAuthorizationPageTest" name="@AfterMethod myDetails_WorkAuthorization_TearDown" time="0.0">
    <skipped/>
  </testcase> <!-- @AfterMethod myDetails_WorkAuthorization_TearDown -->
  <testcase classname="com.TestCases.AdminMyDetailsWorkAuthorizationPageTest" name="@BeforeMethod myDetails_WorkAuthorizaton_SetUp" time="0.0">
    <skipped/>
  </testcase> <!-- @BeforeMethod myDetails_WorkAuthorizaton_SetUp -->
  <testcase classname="com.TestCases.AdminMyDetailsWorkAuthorizationPageTest" name="@AfterMethod myDetails_WorkAuthorization_TearDown" time="0.0">
    <skipped/>
  </testcase> <!-- @AfterMethod myDetails_WorkAuthorization_TearDown -->
  <testcase classname="com.TestCases.AdminMyDetailsWorkAuthorizationPageTest" name="@BeforeMethod myDetails_WorkAuthorizaton_SetUp" time="0.0">
    <skipped/>
  </testcase> <!-- @BeforeMethod myDetails_WorkAuthorizaton_SetUp -->
  <testcase classname="com.TestCases.AdminMyDetailsWorkAuthorizationPageTest" name="@AfterMethod myDetails_WorkAuthorization_TearDown" time="0.0">
    <skipped/>
  </testcase> <!-- @AfterMethod myDetails_WorkAuthorization_TearDown -->
  <testcase classname="com.TestCases.AdminMyDetailsWorkAuthorizationPageTest" name="@BeforeMethod myDetails_WorkAuthorizaton_SetUp" time="0.0">
    <skipped/>
  </testcase> <!-- @BeforeMethod myDetails_WorkAuthorizaton_SetUp -->
  <testcase classname="com.TestCases.AdminMyDetailsWorkAuthorizationPageTest" name="@AfterMethod myDetails_WorkAuthorization_TearDown" time="0.0">
    <skipped/>
  </testcase> <!-- @AfterMethod myDetails_WorkAuthorization_TearDown -->
  <testcase classname="com.TestCases.AdminMyDetailsWorkAuthorizationPageTest" name="@BeforeMethod myDetails_WorkAuthorizaton_SetUp" time="0.0">
    <skipped/>
  </testcase> <!-- @BeforeMethod myDetails_WorkAuthorizaton_SetUp -->
  <testcase classname="com.TestCases.AdminMyDetailsWorkAuthorizationPageTest" name="@AfterMethod myDetails_WorkAuthorization_TearDown" time="0.0">
    <skipped/>
  </testcase> <!-- @AfterMethod myDetails_WorkAuthorization_TearDown -->
  <testcase classname="com.TestCases.AdminMyDetailsWorkAuthorizationPageTest" name="@BeforeMethod myDetails_WorkAuthorizaton_SetUp" time="0.0">
    <skipped/>
  </testcase> <!-- @BeforeMethod myDetails_WorkAuthorizaton_SetUp -->
  <testcase classname="com.TestCases.AdminMyDetailsWorkAuthorizationPageTest" name="@AfterMethod myDetails_WorkAuthorization_TearDown" time="0.0">
    <skipped/>
  </testcase> <!-- @AfterMethod myDetails_WorkAuthorization_TearDown -->
  <testcase classname="com.TestCases.AdminMyDetailsWorkAuthorizationPageTest" name="@BeforeMethod myDetails_WorkAuthorizaton_SetUp" time="0.0">
    <skipped/>
  </testcase> <!-- @BeforeMethod myDetails_WorkAuthorizaton_SetUp -->
  <testcase classname="com.TestCases.AdminMyDetailsWorkAuthorizationPageTest" name="@AfterMethod myDetails_WorkAuthorization_TearDown" time="0.0">
    <skipped/>
  </testcase> <!-- @AfterMethod myDetails_WorkAuthorization_TearDown -->
  <testcase classname="com.TestCases.AdminMyDetailsWorkAuthorizationPageTest" name="@BeforeMethod myDetails_WorkAuthorizaton_SetUp" time="0.0">
    <skipped/>
  </testcase> <!-- @BeforeMethod myDetails_WorkAuthorizaton_SetUp -->
  <testcase classname="com.TestCases.AdminMyDetailsWorkAuthorizationPageTest" name="@AfterMethod myDetails_WorkAuthorization_TearDown" time="0.0">
    <skipped/>
  </testcase> <!-- @AfterMethod myDetails_WorkAuthorization_TearDown -->
  <testcase classname="com.TestCases.AdminMyDetailsWorkAuthorizationPageTest" name="@BeforeMethod myDetails_WorkAuthorizaton_SetUp" time="0.0">
    <skipped/>
  </testcase> <!-- @BeforeMethod myDetails_WorkAuthorizaton_SetUp -->
  <testcase classname="com.TestCases.AdminMyDetailsWorkAuthorizationPageTest" name="@AfterMethod myDetails_WorkAuthorization_TearDown" time="0.0">
    <skipped/>
  </testcase> <!-- @AfterMethod myDetails_WorkAuthorization_TearDown -->
  <testcase classname="com.TestCases.AdminMyDetailsWorkAuthorizationPageTest" name="@BeforeMethod myDetails_WorkAuthorizaton_SetUp" time="0.0">
    <skipped/>
  </testcase> <!-- @BeforeMethod myDetails_WorkAuthorizaton_SetUp -->
  <testcase classname="com.TestCases.AdminMyDetailsWorkAuthorizationPageTest" name="@AfterMethod myDetails_WorkAuthorization_TearDown" time="0.0">
    <skipped/>
  </testcase> <!-- @AfterMethod myDetails_WorkAuthorization_TearDown -->
  <testcase classname="com.TestCases.AdminMyDetailsWorkAuthorizationPageTest" name="@BeforeMethod myDetails_WorkAuthorizaton_SetUp" time="0.0">
    <skipped/>
  </testcase> <!-- @BeforeMethod myDetails_WorkAuthorizaton_SetUp -->
  <testcase classname="com.TestCases.AdminMyDetailsWorkAuthorizationPageTest" name="@AfterMethod myDetails_WorkAuthorization_TearDown" time="0.0">
    <skipped/>
  </testcase> <!-- @AfterMethod myDetails_WorkAuthorization_TearDown -->
  <testcase classname="com.TestCases.EditCompanyPageTest" name="@BeforeMethod addCompaniesPage_SetUp" time="0.398">
    <failure type="io.github.bonigarcia.wdm.config.WebDriverManagerException" message="io.github.bonigarcia.wdm.config.WebDriverManagerException: java.net.UnknownHostException: chromedriver.storage.googleapis.com">
      <![CDATA[io.github.bonigarcia.wdm.config.WebDriverManagerException: io.github.bonigarcia.wdm.config.WebDriverManagerException: java.net.UnknownHostException: chromedriver.storage.googleapis.com
at io.github.bonigarcia.wdm.WebDriverManager.handleException(WebDriverManager.java:1423)
at io.github.bonigarcia.wdm.WebDriverManager.manage(WebDriverManager.java:1204)
at io.github.bonigarcia.wdm.WebDriverManager.fallback(WebDriverManager.java:1439)
at io.github.bonigarcia.wdm.WebDriverManager.handleException(WebDriverManager.java:1420)
at io.github.bonigarcia.wdm.WebDriverManager.manage(WebDriverManager.java:1204)
at io.github.bonigarcia.wdm.WebDriverManager.handleException(WebDriverManager.java:1413)
at io.github.bonigarcia.wdm.WebDriverManager.manage(WebDriverManager.java:1204)
at io.github.bonigarcia.wdm.WebDriverManager.setup(WebDriverManager.java:419)
at com.Base.Base.setUp(Base.java:44)
at com.TestCases.EditCompanyPageTest.addCompaniesPage_SetUp(EditCompanyPageTest.java:34)
at java.base/java.util.ArrayList.forEach(ArrayList.java:1511)
Caused by: io.github.bonigarcia.wdm.config.WebDriverManagerException: java.net.UnknownHostException: chromedriver.storage.googleapis.com
at io.github.bonigarcia.wdm.WebDriverManager.getDriversFromXml(WebDriverManager.java:1577)
at io.github.bonigarcia.wdm.managers.ChromeDriverManager.getDriverUrls(ChromeDriverManager.java:106)
at io.github.bonigarcia.wdm.WebDriverManager.createUrlHandler(WebDriverManager.java:1444)
at io.github.bonigarcia.wdm.WebDriverManager.download(WebDriverManager.java:1279)
at io.github.bonigarcia.wdm.WebDriverManager.manage(WebDriverManager.java:1198)
... 40 more
Caused by: java.net.UnknownHostException: chromedriver.storage.googleapis.com
at java.base/java.net.InetAddress$CachedAddresses.get(InetAddress.java:801)
at java.base/java.net.InetAddress.getAllByName0(InetAddress.java:1524)
at java.base/java.net.InetAddress.getAllByName(InetAddress.java:1381)
at java.base/java.net.InetAddress.getAllByName(InetAddress.java:1305)
at org.apache.hc.client5.http.SystemDefaultDnsResolver.resolve(SystemDefaultDnsResolver.java:43)
at org.apache.hc.client5.http.impl.io.DefaultHttpClientConnectionOperator.connect(DefaultHttpClientConnectionOperator.java:141)
at org.apache.hc.client5.http.impl.io.PoolingHttpClientConnectionManager.connect(PoolingHttpClientConnectionManager.java:447)
at org.apache.hc.client5.http.impl.classic.InternalExecRuntime.connectEndpoint(InternalExecRuntime.java:162)
at org.apache.hc.client5.http.impl.classic.InternalExecRuntime.connectEndpoint(InternalExecRuntime.java:172)
at org.apache.hc.client5.http.impl.classic.ConnectExec.execute(ConnectExec.java:142)
at org.apache.hc.client5.http.impl.classic.ExecChainElement.execute(ExecChainElement.java:51)
at org.apache.hc.client5.http.impl.classic.ProtocolExec.execute(ProtocolExec.java:192)
at org.apache.hc.client5.http.impl.classic.ExecChainElement.execute(ExecChainElement.java:51)
at org.apache.hc.client5.http.impl.classic.HttpRequestRetryExec.execute(HttpRequestRetryExec.java:96)
at org.apache.hc.client5.http.impl.classic.ExecChainElement.execute(ExecChainElement.java:51)
at org.apache.hc.client5.http.impl.classic.ContentCompressionExec.execute(ContentCompressionExec.java:152)
at org.apache.hc.client5.http.impl.classic.ExecChainElement.execute(ExecChainElement.java:51)
at org.apache.hc.client5.http.impl.classic.RedirectExec.execute(RedirectExec.java:115)
at org.apache.hc.client5.http.impl.classic.ExecChainElement.execute(ExecChainElement.java:51)
at org.apache.hc.client5.http.impl.classic.InternalHttpClient.doExecute(InternalHttpClient.java:170)
at org.apache.hc.client5.http.impl.classic.CloseableHttpClient.execute(CloseableHttpClient.java:87)
at org.apache.hc.client5.http.impl.classic.CloseableHttpClient.execute(CloseableHttpClient.java:55)
at org.apache.hc.client5.http.classic.HttpClient.executeOpen(HttpClient.java:183)
at io.github.bonigarcia.wdm.online.HttpClient.execute(HttpClient.java:162)
at io.github.bonigarcia.wdm.WebDriverManager.getDriversFromXml(WebDriverManager.java:1562)
... 44 more
... Removed 31 stack frames]]>
    </failure>
  </testcase> <!-- @BeforeMethod addCompaniesPage_SetUp -->
  <testcase classname="com.TestCases.EditCompanyPageTest" name="@AfterMethod addCompanyPage_TearDown" time="0.0">
    <skipped/>
  </testcase> <!-- @AfterMethod addCompanyPage_TearDown -->
  <testcase classname="com.TestCases.EditCompanyPageTest" name="@BeforeMethod addCompaniesPage_SetUp" time="0.0">
    <skipped/>
  </testcase> <!-- @BeforeMethod addCompaniesPage_SetUp -->
  <testcase classname="com.TestCases.EditCompanyPageTest" name="@AfterMethod addCompanyPage_TearDown" time="0.0">
    <skipped/>
  </testcase> <!-- @AfterMethod addCompanyPage_TearDown -->
  <testcase classname="com.TestCases.EditCompanyPageTest" name="@BeforeMethod addCompaniesPage_SetUp" time="0.0">
    <skipped/>
  </testcase> <!-- @BeforeMethod addCompaniesPage_SetUp -->
  <testcase classname="com.TestCases.EditCompanyPageTest" name="@AfterMethod addCompanyPage_TearDown" time="0.0">
    <skipped/>
  </testcase> <!-- @AfterMethod addCompanyPage_TearDown -->
  <testcase classname="com.TestCases.EditCompanyPageTest" name="@BeforeMethod addCompaniesPage_SetUp" time="0.0">
    <skipped/>
  </testcase> <!-- @BeforeMethod addCompaniesPage_SetUp -->
  <testcase classname="com.TestCases.EditCompanyPageTest" name="@AfterMethod addCompanyPage_TearDown" time="0.0">
    <skipped/>
  </testcase> <!-- @AfterMethod addCompanyPage_TearDown -->
  <testcase classname="com.TestCases.EditCompanyPageTest" name="@BeforeMethod addCompaniesPage_SetUp" time="0.0">
    <skipped/>
  </testcase> <!-- @BeforeMethod addCompaniesPage_SetUp -->
  <testcase classname="com.TestCases.EditCompanyPageTest" name="@AfterMethod addCompanyPage_TearDown" time="0.0">
    <skipped/>
  </testcase> <!-- @AfterMethod addCompanyPage_TearDown -->
  <testcase classname="com.TestCases.EditCompanyPageTest" name="@BeforeMethod addCompaniesPage_SetUp" time="0.0">
    <skipped/>
  </testcase> <!-- @BeforeMethod addCompaniesPage_SetUp -->
  <testcase classname="com.TestCases.EditCompanyPageTest" name="@AfterMethod addCompanyPage_TearDown" time="0.0">
    <skipped/>
  </testcase> <!-- @AfterMethod addCompanyPage_TearDown -->
  <testcase classname="com.TestCases.EditCompanyPageTest" name="@BeforeMethod addCompaniesPage_SetUp" time="0.0">
    <skipped/>
  </testcase> <!-- @BeforeMethod addCompaniesPage_SetUp -->
  <testcase classname="com.TestCases.EditCompanyPageTest" name="@AfterMethod addCompanyPage_TearDown" time="0.0">
    <skipped/>
  </testcase> <!-- @AfterMethod addCompanyPage_TearDown -->
  <testcase classname="com.TestCases.AdminMyDetailsContactPageTest" name="@BeforeMethod contactPage_SetUp" time="0.371">
    <failure type="io.github.bonigarcia.wdm.config.WebDriverManagerException" message="io.github.bonigarcia.wdm.config.WebDriverManagerException: java.net.UnknownHostException: chromedriver.storage.googleapis.com">
      <![CDATA[io.github.bonigarcia.wdm.config.WebDriverManagerException: io.github.bonigarcia.wdm.config.WebDriverManagerException: java.net.UnknownHostException: chromedriver.storage.googleapis.com
at io.github.bonigarcia.wdm.WebDriverManager.handleException(WebDriverManager.java:1423)
at io.github.bonigarcia.wdm.WebDriverManager.manage(WebDriverManager.java:1204)
at io.github.bonigarcia.wdm.WebDriverManager.fallback(WebDriverManager.java:1439)
at io.github.bonigarcia.wdm.WebDriverManager.handleException(WebDriverManager.java:1420)
at io.github.bonigarcia.wdm.WebDriverManager.manage(WebDriverManager.java:1204)
at io.github.bonigarcia.wdm.WebDriverManager.handleException(WebDriverManager.java:1413)
at io.github.bonigarcia.wdm.WebDriverManager.manage(WebDriverManager.java:1204)
at io.github.bonigarcia.wdm.WebDriverManager.setup(WebDriverManager.java:419)
at com.Base.Base.setUp(Base.java:44)
at com.TestCases.AdminMyDetailsContactPageTest.contactPage_SetUp(AdminMyDetailsContactPageTest.java:48)
at java.base/java.util.ArrayList.forEach(ArrayList.java:1511)
Caused by: io.github.bonigarcia.wdm.config.WebDriverManagerException: java.net.UnknownHostException: chromedriver.storage.googleapis.com
at io.github.bonigarcia.wdm.WebDriverManager.getDriversFromXml(WebDriverManager.java:1577)
at io.github.bonigarcia.wdm.managers.ChromeDriverManager.getDriverUrls(ChromeDriverManager.java:106)
at io.github.bonigarcia.wdm.WebDriverManager.createUrlHandler(WebDriverManager.java:1444)
at io.github.bonigarcia.wdm.WebDriverManager.download(WebDriverManager.java:1279)
at io.github.bonigarcia.wdm.WebDriverManager.manage(WebDriverManager.java:1198)
... 40 more
Caused by: java.net.UnknownHostException: chromedriver.storage.googleapis.com
at java.base/java.net.InetAddress$CachedAddresses.get(InetAddress.java:801)
at java.base/java.net.InetAddress.getAllByName0(InetAddress.java:1524)
at java.base/java.net.InetAddress.getAllByName(InetAddress.java:1381)
at java.base/java.net.InetAddress.getAllByName(InetAddress.java:1305)
at org.apache.hc.client5.http.SystemDefaultDnsResolver.resolve(SystemDefaultDnsResolver.java:43)
at org.apache.hc.client5.http.impl.io.DefaultHttpClientConnectionOperator.connect(DefaultHttpClientConnectionOperator.java:141)
at org.apache.hc.client5.http.impl.io.PoolingHttpClientConnectionManager.connect(PoolingHttpClientConnectionManager.java:447)
at org.apache.hc.client5.http.impl.classic.InternalExecRuntime.connectEndpoint(InternalExecRuntime.java:162)
at org.apache.hc.client5.http.impl.classic.InternalExecRuntime.connectEndpoint(InternalExecRuntime.java:172)
at org.apache.hc.client5.http.impl.classic.ConnectExec.execute(ConnectExec.java:142)
[...]
  <testcase classname="com.TestCases.AdminMyDetailsWorkAuthorizationPageTest" name="MyDetails_WorkAuthorization_PassportPresencesOfElements_Validation_Test" time="0.0">
    <skipped/>
  </testcase> <!-- MyDetails_WorkAuthorization_PassportPresencesOfElements_Validation_Test -->
  <testcase classname="com.TestCases.AdminMyDetailsWorkAuthorizationPageTest" name="myDetails_WorkAuthorization_PassportOption_AddButton_Validation_Test" time="0.0">
    <skipped/>
  </testcase> <!-- myDetails_WorkAuthorization_PassportOption_AddButton_Validation_Test -->
  <testcase classname="com.TestCases.AdminMyDetailsWorkAuthorizationPageTest" name="myDetails_WorkAuthorization_PassportOption_AddPassportDetailsPopUpHeading_Validation_Test" time="0.0">
    <skipped/>
  </testcase> <!-- myDetails_WorkAuthorization_PassportOption_AddPassportDetailsPopUpHeading_Validation_Test -->
  <testcase classname="com.TestCases.AdminMyDetailsWorkAuthorizationPageTest" name="myDetails_WorkAuthorization_PassportOption_AddPassportDetailsPopUp_AllFieldsDataSaveButton_Validation_Test" time="0.0">
    <skipped/>
  </testcase> <!-- myDetails_WorkAuthorization_PassportOption_AddPassportDetailsPopUp_AllFieldsDataSaveButton_Validation_Test -->
  <testcase classname="com.TestCases.AdminMyDetailsWorkAuthorizationPageTest" name="myDetails_WorkAuthorization_PassportOption_AddPassportDetailsPopUp_MandatoryFieldsDataSaveButton_Validation_Test" time="0.0">
    <skipped/>
  </testcase> <!-- myDetails_WorkAuthorization_PassportOption_AddPassportDetailsPopUp_MandatoryFieldsDataSaveButton_Validation_Test -->
  <testcase classname="com.TestCases.AdminMyDetailsWorkAuthorizationPageTest" name="myDetails_WorkAuthorization_PassportOption_AddPassportDetailsPopUp_AllFieldsDataCancelButton_Validation_Test" time="0.0">
    <skipped/>
  </testcase> <!-- myDetails_WorkAuthorization_PassportOption_AddPassportDetailsPopUp_AllFieldsDataCancelButton_Validation_Test -->
  <testcase classname="com.TestCases.AdminMyDetailsWorkAuthorizationPageTest" name="myDetails_WorkAuthorization_PassportOption_AddPassportDetailsPopUp_AllFieldsDataCloseButton_Validation_Test" time="0.0">
    <skipped/>
  </testcase> <!-- myDetails_WorkAuthorization_PassportOption_AddPassportDetailsPopUp_AllFieldsDataCloseButton_Validation_Test -->
  <testcase classname="com.TestCases.AdminMyDetailsWorkAuthorizationPageTest" name="myDetails_WorkAuthorization_I94Option_LogOutBrowsingBack_Validation_Test" time="0.0">
    <skipped/>
  </testcase> <!-- myDetails_WorkAuthorization_I94Option_LogOutBrowsingBack_Validation_Test -->
  <testcase classname="com.TestCases.AdminMyDetailsWorkAuthorizationPageTest" name="MyDetails_WorkAuthorization_I94PresencesOfElements_Validation_Test" time="0.0">
    <skipped/>
  </testcase> <!-- MyDetails_WorkAuthorization_I94PresencesOfElements_Validation_Test -->
  <testcase classname="com.TestCases.AdminMyDetailsWorkAuthorizationPageTest" name="myDetails_WorkAuthorization_I94AddButton_Validation_Test" time="0.0">
    <skipped/>
  </testcase> <!-- myDetails_WorkAuthorization_I94AddButton_Validation_Test -->
  <testcase classname="com.TestCases.AdminMyDetailsWorkAuthorizationPageTest" name="myDetails_WorkAuthorization_AddI94DetailsHeading_Validation_Test" time="0.0">
    <skipped/>
  </testcase> <!-- myDetails_WorkAuthorization_AddI94DetailsHeading_Validation_Test -->
  <testcase classname="com.TestCases.AdminMyDetailsWorkAuthorizationPageTest" name="myDetails_WorkAuthorization_AddI94DetailsElementsToBePresent_Validation_Test" time="0.0">
    <skipped/>
  </testcase> <!-- myDetails_WorkAuthorization_AddI94DetailsElementsToBePresent_Validation_Test -->
  <testcase classname="com.TestCases.AdminMyDetailsWorkAuthorizationPageTest" name="myDetails_WorkAuthorization_I94Option_AllFieldsDataWithSaveButton_Validation" time="0.0">
    <skipped/>
  </testcase> <!-- myDetails_WorkAuthorization_I94Option_AllFieldsDataWithSaveButton_Validation -->
  <testcase classname="com.TestCases.AdminMyDetailsWorkAuthorizationPageTest" name="myDetails_WorkAuthorization_I94Option_MandatoryFieldsDataWithSaveButton_Validation" time="0.0">
    <skipped/>
  </testcase> <!-- myDetails_WorkAuthorization_I94Option_MandatoryFieldsDataWithSaveButton_Validation -->
  <testcase classname="com.TestCases.AdminMyDetailsWorkAuthorizationPageTest" name="myDetails_WorkAuthorization_I94Option_AllFieldsDataWithCancelButton_Validation" time="0.0">
    <skipped/>
  </testcase> <!-- myDetails_WorkAuthorization_I94Option_AllFieldsDataWithCancelButton_Validation -->
  <testcase classname="com.TestCases.AdminMyDetailsWorkAuthorizationPageTest" name="myDetails_WorkAuthorization_I94Option_AllFieldsDataWithCloseButton_Validation" time="0.0">
    <skipped/>
  </testcase> <!-- myDetails_WorkAuthorization_I94Option_AllFieldsDataWithCloseButton_Validation -->
  <testcase classname="com.TestCases.EditCompanyPageTest" name="editCompanyPage_CurrentURL_Validation_Test" time="0.0">
    <skipped/>
  </testcase> <!-- editCompanyPage_CurrentURL_Validation_Test -->
  <testcase classname="com.TestCases.EditCompanyPageTest" name="editCompanyPage_Title_Validation_Test" time="0.0">
    <skipped/>
  </testcase> <!-- editCompanyPage_Title_Validation_Test -->
  <testcase classname="com.TestCases.EditCompanyPageTest" name="editCompanyPage_HeadingLabelText_Validation_Test" time="0.0">
    <skipped/>
  </testcase> <!-- editCompanyPage_HeadingLabelText_Validation_Test -->
  <testcase classname="com.TestCases.EditCompanyPageTest" name="editCompanyPage_SubHeadingLabelText_Validation_Test" time="0.0">
    <skipped/>
  </testcase> <!-- editCompanyPage_SubHeadingLabelText_Validation_Test -->
  <testcase classname="com.TestCases.EditCompanyPageTest" name="editCompanyPage_AllMandatoryFields_Validation_Test" time="0.0">
    <skipped/>
  </testcase> <!-- editCompanyPage_AllMandatoryFields_Validation_Test -->
  <testcase classname="com.TestCases.EditCompanyPageTest" name="editCompanyPage_AllFieldsCancel_Validation_Test" time="0.0">
    <skipped/>
  </testcase> <!-- editCompanyPage_AllFieldsCancel_Validation_Test -->
  <testcase classname="com.TestCases.EditCompanyPageTest" name="editCompanyPage_AllFields_Validation_Test" time="0.0">
    <skipped/>
  </testcase> <!-- editCompanyPage_AllFields_Validation_Test -->
  <testcase classname="com.TestCases.AdminMyDetailsContactPageTest" name="myDetails_ContactPage_CurrentUrl_Validation_Test" time="0.0">
    <skipped/>
  </testcase> <!-- myDetails_ContactPage_CurrentUrl_Validation_Test -->
  <testcase classname="com.TestCases.AdminMyDetailsContactPageTest" name="myDetails_ContactPage_Title_Validation_Test" time="0.0">
    <skipped/>
  </testcase> <!-- myDetails_ContactPage_Title_Validation_Test -->
  <testcase classname="com.TestCases.AdminMyDetailsContactPageTest" name="myDetails_ContactPage_AddressTableHeader_Validation_Test" time="0.0">
    <skipped/>
  </testcase> <!-- myDetails_ContactPage_AddressTableHeader_Validation_Test -->
  <testcase classname="com.TestCases.AdminMyDetailsContactPageTest" name="myDetails_ContactPage_AddressTableAddButton_Validation_Test" time="0.0">
    <skipped/>
  </testcase> <!-- myDetails_ContactPage_AddressTableAddButton_Validation_Test -->
  <testcase classname="com.TestCases.AdminMyDetailsContactPageTest" name="myDetails_ContactPage_AddPresentAddressPopUpHeading_Validation_Test" time="0.0">
    <skipped/>
  </testcase> <!-- myDetails_ContactPage_AddPresentAddressPopUpHeading_Validation_Test -->
  <testcase classname="com.TestCases.AdminMyDetailsContactPageTest" name="myDetails_ContactPage_LogOutBrowsingBack_Validation_Test" time="0.0">
    <skipped/>
  </testcase> <!-- myDetails_ContactPage_LogOutBrowsingBack_Validation_Test -->
  <testcase classname="com.TestCases.AdminMyDetailsContactPageTest" name="myDetails_ContactPage_AddPresentAddressWithAllFieldsData_Validation_Test" time="0.0">
    <skipped/>
  </testcase> <!-- myDetails_ContactPage_AddPresentAddressWithAllFieldsData_Validation_Test -->
  <testcase classname="com.TestCases.AdminMyDetailsContactPageTest" name="myDetails_ContactPage_AddPresentAddressWithMandatoryFieldsData_Validation_Test" time="0.0">
    <skipped/>
  </testcase> <!-- myDetails_ContactPage_AddPresentAddressWithMandatoryFieldsData_Validation_Test -->
  <testcase classname="com.TestCases.AdminMyDetailsContactPageTest" name="myDetails_ContactPage_AddPresentAddressWithCancelButton_Validation_Test" time="0.0">
    <skipped/>
  </testcase> <!-- myDetails_ContactPage_AddPresentAddressWithCancelButton_Validation_Test -->
  <testcase classname="com.TestCases.AdminMyDetailsContactPageTest" name="myDetails_ContactPage_AddPresentAddressWithCloseButton_Validation_Test" time="0.0">
    <skipped/>
  </testcase> <!-- myDetails_ContactPage_AddPresentAddressWithCloseButton_Validation_Test -->
  <testcase classname="com.TestCases.AdminMyDetailsContactPageTest" name="myDetails_ContactPage_EmergencyContactTableHeader_Validation_Test" time="0.0">
    <skipped/>
  </testcase> <!-- myDetails_ContactPage_EmergencyContactTableHeader_Validation_Test -->
  <testcase classname="com.TestCases.AdminMyDetailsContactPageTest" name="myDetails_ContactPage_EmergencyContactTableAddButton_Validation_Test" time="0.0">
    <skipped/>
  </testcase> <!-- myDetails_ContactPage_EmergencyContactTableAddButton_Validation_Test -->
  <testcase classname="com.TestCases.AdminMyDetailsContactPageTest" name="myDetails_ContactPage_AddEmergencyContactPopUpHeading_Validation_Test" time="0.0">
    <skipped/>
  </testcase> <!-- myDetails_ContactPage_AddEmergencyContactPopUpHeading_Validation_Test -->
  <testcase classname="com.TestCases.AdminMyDetailsContactPageTest" name="myDetails_ContactPage_AddEmergencyContactWithAllFieldsData_Validation_Test" time="0.0">
    <skipped/>
  </testcase> <!-- myDetails_ContactPage_AddEmergencyContactWithAllFieldsData_Validation_Test -->
  <testcase classname="com.TestCases.AdminMyDetailsContactPageTest" name="myDetails_ContactPage_AddEmergencyContactWithMandatoryFieldsData_Validation_Test" time="0.0">
    <skipped/>
  </testcase> <!-- myDetails_ContactPage_AddEmergencyContactWithMandatoryFieldsData_Validation_Test -->
  <testcase classname="com.TestCases.AdminMyDetailsContactPageTest" name="myDetails_ContactPage_AddEmergencyContactWithCancelButton_Validation_Test" time="0.0">
    <skipped/>
  </testcase> <!-- myDetails_ContactPage_AddEmergencyContactWithCancelButton_Validation_Test -->
  <testcase classname="com.TestCases.AdminMyDetailsContactPageTest" name="myDetails_ContactPage_AddEmergencyContactWithCloseButton_Validation_Test" time="0.0">
    <skipped/>
  </testcase> <!-- myDetails_ContactPage_AddEmergencyContactWithCloseButton_Validation_Test -->
  <testcase classname="com.TestCases.CompanyListPageTest" name="validating_companyListPage_CurrentUrl_Test" time="0.0">
    <skipped/>
  </testcase> <!-- validating_companyListPage_CurrentUrl_Test -->
  <testcase classname="com.TestCases.CompanyListPageTest" name="validating_companyListPage_Title_Test" time="0.0">
    <skipped/>
  </testcase> <!-- validating_companyListPage_Title_Test -->
  <testcase classname="com.TestCases.CompanyListPageTest" name="validating_companyListPage_HeadingLabelText_Test" time="0.0">
    <skipped/>
  </testcase> <!-- validating_companyListPage_HeadingLabelText_Test -->
  <testcase classname="com.TestCases.CompanyListPageTest" name="validating_companyListPage_SearchOption_Test" time="0.0">
    <skipped/>
  </testcase> <!-- validating_companyListPage_SearchOption_Test -->
  <testcase classname="com.TestCases.CompanyListPageTest" name="validating_companyListPage_AddCompanyButton_Test" time="0.0">
    <skipped/>
  </testcase> <!-- validating_companyListPage_AddCompanyButton_Test -->
  <testcase classname="com.TestCases.CompanyListPageTest" name="companyListPage_ValidatingLoggingOutBackButon_Test" time="0.0">
    <skipped/>
  </testcase> <!-- companyListPage_ValidatingLoggingOutBackButon_Test -->
  <testcase classname="com.TestCases.BusinessCategoriesPageTest" name="validating_CurrentUrl_Test" time="0.0">
    <skipped/>
  </testcase> <!-- validating_CurrentUrl_Test -->
  <testcase classname="com.TestCases.BusinessCategoriesPageTest" name="validating_Title_Test" time="0.0">
    <skipped/>
  </testcase> <!-- validating_Title_Test -->
  <testcase classname="com.TestCases.BusinessCategoriesPageTest" name="validating_HeadingLabelText_Test" time="0.0">
    <skipped/>
  </testcase> <!-- validating_HeadingLabelText_Test -->
  <testcase classname="com.TestCases.BusinessCategoriesPageTest" name="validating_SearchOption_Test" time="0.0">
    <skipped/>
  </testcase> <!-- validating_SearchOption_Test -->
  <testcase classname="com.TestCases.BusinessCategoriesPageTest" name="validating_AddCategoryButton_Test" time="0.0">
    <skipped/>
  </testcase> <!-- validating_AddCategoryButton_Test -->
  <testcase classname="com.TestCases.BusinessCategoriesPageTest" name="validating_AddCategoryHeadingLabelText_Test" time="0.0">
    <skipped/>
  </testcase> <!-- validating_AddCategoryHeadingLabelText_Test -->
  <testcase classname="com.TestCases.BusinessCategoriesPageTest" name="validating_SaveButtonWithDetails_Test" time="0.0">
    <skipped/>
  </testcase> <!-- validating_SaveButtonWithDetails_Test -->
  <testcase classname="com.TestCases.BusinessCategoriesPageTest" name="validating_CancelButtonWithDetails_Test" time="0.0">
    <skipped/>
  </testcase> <!-- validating_CancelButtonWithDetails_Test -->
  <testcase classname="com.TestCases.BusinessCategoriesPageTest" name="validating_CancelButtonWithOutDetails_Test" time="0.0">
    <skipped/>
  </testcase> <!-- validating_CancelButtonWithOutDetails_Test -->
  <testcase classname="com.TestCases.BusinessCategoriesPageTest" name="validating_CloseButtonWithDetails_Test" time="0.0">
    <skipped/>
  </testcase> <!-- validating_CloseButtonWithDetails_Test -->
  <testcase classname="com.TestCases.BusinessCategoriesPageTest" name="validating_CloseButtonWithOutDetails_Test" time="0.0">
    <skipped/>
  </testcase> <!-- validating_CloseButtonWithOutDetails_Test -->
  <testcase classname="com.TestCases.BusinessCategoriesPageTest" name="validating_ExistingCategoryName_Test" time="0.0">
    <skipped/>
  </testcase> <!-- validating_ExistingCategoryName_Test -->
  <testcase classname="com.TestCases.BusinessCategoriesPageTest" name="validating_DeletedCategoryName_Test" time="0.0">
    <skipped/>
  </testcase> <!-- validating_DeletedCategoryName_Test -->
  <testcase classname="com.TestCases.BusinessCategoriesPageTest" name="validating_EditCategoryPopUp_Test" time="0.0">
    <skipped/>
  </testcase> <!-- validating_EditCategoryPopUp_Test -->
  <testcase classname="com.TestCases.BusinessCategoriesPageTest" name="validating_EditCategoryHeadingLabelText_Test" time="0.0">
    <skipped/>
  </testcase> <!-- validating_EditCategoryHeadingLabelText_Test -->
  <testcase classname="com.TestCases.BusinessCategoriesPageTest" name="validating_EditCategoryPopUpSaveButtonWithDetails_Test" time="0.0">
    <skipped/>
  </testcase> <!-- validating_EditCategoryPopUpSaveButtonWithDetails_Test -->
  <testcase classname="com.TestCases.BusinessCategoriesPageTest" name="validating_EditCategoryPopUpCancelButtonWithDetails_Test" time="0.0">
    <skipped/>
  </testcase> <!-- validating_EditCategoryPopUpCancelButtonWithDetails_Test -->
  <testcase classname="com.TestCases.BusinessCategoriesPageTest" name="validating_EditCategoryPopUpCancelButtonWithOutDetails_Test" time="0.0">
    <skipped/>
  </testcase> <!-- validating_EditCategoryPopUpCancelButtonWithOutDetails_Test -->
  <testcase classname="com.TestCases.BusinessCategoriesPageTest" name="validating_EditCategoryPopUpCloseButtonWithDetails_Test" time="0.0">
    <skipped/>
  </testcase> <!-- validating_EditCategoryPopUpCloseButtonWithDetails_Test -->
  <testcase classname="com.TestCases.BusinessCategoriesPageTest" name="validating_EditCategoryPopUpCloseButtonWithOutDetails_Test" time="0.0">
    <skipped/>
  </testcase> <!-- validating_EditCategoryPopUpCloseButtonWithOutDetails_Test -->
  <testcase classname="com.TestCases.BusinessCategoriesPageTest" name="validating_EditCategoryPopUpExistingCategoryName_Test" time="0.0">
    <skipped/>
  </testcase> <!-- validating_EditCategoryPopUpExistingCategoryName_Test -->
  <testcase classname="com.TestCases.BusinessCategoriesPageTest" name="validating_EditCategoryPopUpDeletedCategoryName_Test" time="0.0">
    <skipped/>
  </testcase> <!-- validating_EditCategoryPopUpDeletedCategoryName_Test -->
  <testcase classname="com.TestCases.BusinessCategoriesPageTest" name="validating_DeletePopUp_Validation_Test" time="0.0">
    <skipped/>
  </testcase> <!-- validating_DeletePopUp_Validation_Test -->
  <testcase classname="com.TestCases.BusinessCategoriesPageTest" name="validating_DeletePopUp_CancelButton_Validation_Test" time="0.0">
    <skipped/>
  </testcase> <!-- validating_DeletePopUp_CancelButton_Validation_Test -->
  <testcase classname="com.TestCases.BusinessCategoriesPageTest" name="validating_DeletePopUp_SaveButton_Validation_Test" time="0.0">
    <skipped/>
  </testcase> <!-- validating_DeletePopUp_SaveButton_Validation_Test -->
  <testcase classname="com.TestCases.BusinessCategoriesPageTest" name="businessCategoryPage_ValidatingBrowserBackButton_Test" time="0.0">
    <skipped/>
  </testcase> <!-- businessCategoryPage_ValidatingBrowserBackButton_Test -->
  <testcase classname="com.TestCases.BusinessCategoriesPageTest" name="businessCategoryPage_ValidatingLoggingOutBackButon_Test" time="0.0">
    <skipped/>
  </testcase> <!-- businessCategoryPage_ValidatingLoggingOutBackButon_Test -->
  <testcase classname="com.Base.Base" name="@BeforeSuite extentReportsInititation" time="0.0">
    <ignored/>
  </testcase> <!-- @BeforeSuite extentReportsInititation -->
  <testcase classname="com.Base.Base" name="@BeforeSuite extentReportsInititation" time="0.0">
    <ignored/>
  </testcase> <!-- @BeforeSuite extentReportsInititation -->
  <testcase classname="com.Base.Base" name="@BeforeSuite extentReportsInititation" time="0.0">
    <ignored/>
  </testcase> <!-- @BeforeSuite extentReportsInititation -->
  <testcase classname="com.Base.Base" name="@BeforeSuite extentReportsInititation" time="0.0">
    <ignored/>
  </testcase> <!-- @BeforeSuite extentReportsInititation -->
  <testcase classname="com.Base.Base" name="@BeforeSuite extentReportsInititation" time="0.0">
    <ignored/>
  </testcase> <!-- @BeforeSuite extentReportsInititation -->
  <testcase classname="com.TestCases.AdminMyDetailsContactPageTest" name="test" time="0.0">
    <ignored/>
  </testcase> <!-- test -->
  <testcase classname="com.Base.Base" name="@BeforeSuite extentReportsInititation" time="0.0">
    <ignored/>
  </testcase> <!-- @BeforeSuite extentReportsInititation -->
  <testcase classname="com.Base.Base" name="@BeforeSuite extentReportsInititation" time="0.0">
    <ignored/>
  </testcase> <!-- @BeforeSuite extentReportsInititation -->
  <testcase classname="com.Base.Base" name="@BeforeSuite extentReportsInititation" time="0.0">
    <ignored/>
  </testcase> <!-- @BeforeSuite extentReportsInititation -->
  <testcase classname="com.Base.Base" name="@BeforeSuite extentReportsInititation" time="0.0">
    <ignored/>
  </testcase> <!-- @BeforeSuite extentReportsInititation -->
  <testcase classname="com.Base.Base" name="@BeforeSuite extentReportsInititation" time="0.0">
    <ignored/>
  </testcase> <!-- @BeforeSuite extentReportsInititation -->
  <testcase classname="com.Base.Base" name="@BeforeSuite extentReportsInititation" time="0.0">
    <ignored/>
  </testcase> <!-- @BeforeSuite extentReportsInititation -->
  <testcase classname="com.Base.Base" name="@BeforeSuite extentReportsInititation" time="0.0">
    <ignored/>
  </testcase> <!-- @BeforeSuite extentReportsInititation -->
  <testcase classname="com.Base.Base" name="@BeforeSuite extentReportsInititation" time="0.0">
    <ignored/>
  </testcase> <!-- @BeforeSuite extentReportsInititation -->
</testsuite> <!-- Test -->
